{"/mnt/c/Users/mayoor shardha/Desktop/SD-Assignment1/spec/specs.js":{"path":"/mnt/c/Users/mayoor shardha/Desktop/SD-Assignment1/spec/specs.js","s":{"1":1,"2":1,"3":1,"4":1,"5":1,"6":1,"7":1,"8":1},"b":{},"f":{},"fnMap":{},"statementMap":{"1":{"start":{"line":1,"column":0},"end":{"line":1,"column":35}},"2":{"start":{"line":2,"column":0},"end":{"line":2,"column":67}},"3":{"start":{"line":3,"column":0},"end":{"line":3,"column":30}},"4":{"start":{"line":4,"column":0},"end":{"line":10,"column":3}},"5":{"start":{"line":11,"column":0},"end":{"line":11,"column":30}},"6":{"start":{"line":12,"column":0},"end":{"line":12,"column":25}},"7":{"start":{"line":13,"column":0},"end":{"line":13,"column":44}},"8":{"start":{"line":14,"column":0},"end":{"line":14,"column":18}}},"branchMap":{}},"/mnt/c/Users/mayoor shardha/Desktop/SD-Assignment1/spec/app.spec.js":{"path":"/mnt/c/Users/mayoor shardha/Desktop/SD-Assignment1/spec/app.spec.js","s":{"1":1,"2":1,"3":1,"4":1,"5":1,"6":1,"7":1,"8":1,"9":1,"10":1,"11":1,"12":1,"13":1,"14":1,"15":1,"16":1,"17":1,"18":1,"19":1,"20":1,"21":1,"22":1,"23":1,"24":1,"25":1,"26":1,"27":1,"28":1,"29":1,"30":1,"31":1,"32":1,"33":1,"34":1,"35":1,"36":1,"37":1,"38":1,"39":1,"40":1,"41":1,"42":1,"43":1,"44":1,"45":1},"b":{},"f":{"1":1,"2":1,"3":1,"4":1,"5":1,"6":1,"7":1,"8":1,"9":1,"10":1,"11":1,"12":1,"13":1,"14":1,"15":1},"fnMap":{"1":{"name":"(anonymous_1)","line":4,"loc":{"start":{"line":4,"column":26},"end":{"line":4,"column":37}}},"2":{"name":"(anonymous_2)","line":6,"loc":{"start":{"line":6,"column":66},"end":{"line":6,"column":81}}},"3":{"name":"(anonymous_3)","line":13,"loc":{"start":{"line":13,"column":67},"end":{"line":13,"column":82}}},"4":{"name":"(anonymous_4)","line":21,"loc":{"start":{"line":21,"column":58},"end":{"line":21,"column":73}}},"5":{"name":"(anonymous_5)","line":28,"loc":{"start":{"line":28,"column":59},"end":{"line":28,"column":74}}},"6":{"name":"(anonymous_6)","line":36,"loc":{"start":{"line":36,"column":60},"end":{"line":36,"column":75}}},"7":{"name":"(anonymous_7)","line":44,"loc":{"start":{"line":44,"column":60},"end":{"line":44,"column":75}}},"8":{"name":"(anonymous_8)","line":52,"loc":{"start":{"line":52,"column":60},"end":{"line":52,"column":75}}},"9":{"name":"(anonymous_9)","line":60,"loc":{"start":{"line":60,"column":61},"end":{"line":60,"column":76}}},"10":{"name":"(anonymous_10)","line":67,"loc":{"start":{"line":67,"column":69},"end":{"line":67,"column":84}}},"11":{"name":"(anonymous_11)","line":74,"loc":{"start":{"line":74,"column":70},"end":{"line":74,"column":85}}},"12":{"name":"(anonymous_12)","line":81,"loc":{"start":{"line":81,"column":66},"end":{"line":81,"column":81}}},"13":{"name":"(anonymous_13)","line":88,"loc":{"start":{"line":88,"column":67},"end":{"line":88,"column":82}}},"14":{"name":"(anonymous_14)","line":95,"loc":{"start":{"line":95,"column":62},"end":{"line":95,"column":77}}},"15":{"name":"(anonymous_15)","line":102,"loc":{"start":{"line":102,"column":55},"end":{"line":102,"column":70}}}},"statementMap":{"1":{"start":{"line":1,"column":0},"end":{"line":1,"column":31}},"2":{"start":{"line":2,"column":0},"end":{"line":2,"column":37}},"3":{"start":{"line":4,"column":0},"end":{"line":108,"column":3}},"4":{"start":{"line":6,"column":4},"end":{"line":11,"column":7}},"5":{"start":{"line":7,"column":8},"end":{"line":7,"column":36}},"6":{"start":{"line":8,"column":8},"end":{"line":10,"column":31}},"7":{"start":{"line":13,"column":4},"end":{"line":18,"column":7}},"8":{"start":{"line":14,"column":8},"end":{"line":14,"column":36}},"9":{"start":{"line":15,"column":8},"end":{"line":17,"column":31}},"10":{"start":{"line":21,"column":4},"end":{"line":26,"column":7}},"11":{"start":{"line":22,"column":8},"end":{"line":22,"column":36}},"12":{"start":{"line":23,"column":8},"end":{"line":25,"column":31}},"13":{"start":{"line":28,"column":4},"end":{"line":33,"column":7}},"14":{"start":{"line":29,"column":8},"end":{"line":29,"column":36}},"15":{"start":{"line":30,"column":8},"end":{"line":32,"column":31}},"16":{"start":{"line":36,"column":4},"end":{"line":41,"column":7}},"17":{"start":{"line":37,"column":8},"end":{"line":37,"column":36}},"18":{"start":{"line":38,"column":8},"end":{"line":40,"column":31}},"19":{"start":{"line":44,"column":4},"end":{"line":49,"column":7}},"20":{"start":{"line":45,"column":8},"end":{"line":45,"column":36}},"21":{"start":{"line":46,"column":8},"end":{"line":48,"column":31}},"22":{"start":{"line":52,"column":4},"end":{"line":57,"column":7}},"23":{"start":{"line":53,"column":8},"end":{"line":53,"column":36}},"24":{"start":{"line":54,"column":8},"end":{"line":56,"column":31}},"25":{"start":{"line":60,"column":4},"end":{"line":65,"column":7}},"26":{"start":{"line":61,"column":8},"end":{"line":61,"column":36}},"27":{"start":{"line":62,"column":8},"end":{"line":64,"column":31}},"28":{"start":{"line":67,"column":4},"end":{"line":72,"column":7}},"29":{"start":{"line":68,"column":8},"end":{"line":68,"column":36}},"30":{"start":{"line":69,"column":8},"end":{"line":71,"column":31}},"31":{"start":{"line":74,"column":4},"end":{"line":79,"column":7}},"32":{"start":{"line":75,"column":8},"end":{"line":75,"column":36}},"33":{"start":{"line":76,"column":8},"end":{"line":78,"column":31}},"34":{"start":{"line":81,"column":4},"end":{"line":86,"column":7}},"35":{"start":{"line":82,"column":8},"end":{"line":82,"column":36}},"36":{"start":{"line":83,"column":8},"end":{"line":85,"column":31}},"37":{"start":{"line":88,"column":4},"end":{"line":93,"column":7}},"38":{"start":{"line":89,"column":8},"end":{"line":89,"column":36}},"39":{"start":{"line":90,"column":8},"end":{"line":92,"column":31}},"40":{"start":{"line":95,"column":4},"end":{"line":100,"column":7}},"41":{"start":{"line":96,"column":8},"end":{"line":96,"column":36}},"42":{"start":{"line":97,"column":8},"end":{"line":99,"column":31}},"43":{"start":{"line":102,"column":4},"end":{"line":107,"column":7}},"44":{"start":{"line":103,"column":8},"end":{"line":103,"column":36}},"45":{"start":{"line":104,"column":8},"end":{"line":106,"column":31}}},"branchMap":{}},"/mnt/c/Users/mayoor shardha/Desktop/SD-Assignment1/app.js":{"path":"/mnt/c/Users/mayoor shardha/Desktop/SD-Assignment1/app.js","s":{"1":1,"2":1,"3":1,"4":1,"5":1,"6":1,"7":1,"8":1,"9":1,"10":1,"11":1,"12":1,"13":1,"14":1,"15":1,"16":1,"17":0,"18":0,"19":0,"20":0,"21":1,"22":1,"23":1,"24":0,"25":0,"26":0,"27":1,"28":1,"29":0,"30":1,"31":1,"32":1,"33":1,"34":0,"35":0,"36":0,"37":0,"38":0,"39":0,"40":0,"41":0,"42":0,"43":0,"44":1,"45":1,"46":1,"47":1,"48":0,"49":0,"50":1,"51":1,"52":0,"53":1,"54":1,"55":1,"56":1,"57":0,"58":0,"59":0,"60":0,"61":1,"62":1,"63":2,"64":2,"65":0,"66":2,"67":1,"68":1,"69":1,"70":0,"71":0,"72":0,"73":1,"74":1,"75":1,"76":1,"77":0,"78":0,"79":0,"80":0,"81":0,"82":0,"83":1,"84":1,"85":1,"86":1,"87":0,"88":0,"89":0,"90":0,"91":0,"92":0,"93":0,"94":0,"95":0,"96":0,"97":0,"98":0,"99":0,"100":0,"101":1,"102":1,"103":1,"104":1,"105":1,"106":1,"107":1,"108":1,"109":1,"110":1,"111":1,"112":0,"113":0,"114":0,"115":0,"116":0,"117":0,"118":0,"119":1,"120":1,"121":1,"122":0,"123":0,"124":0,"125":0,"126":0,"127":0,"128":0,"129":1,"130":1,"131":1,"132":1,"133":1,"134":1},"b":{"1":[1,1],"2":[1,0],"3":[0,0],"4":[0,1],"5":[0,1],"6":[0,1],"7":[0,0],"8":[0,0],"9":[0,0],"10":[0,0],"11":[0,0],"12":[1,0],"13":[0,1],"14":[0,1],"15":[0,1],"16":[0,0],"17":[0,2],"18":[1,0],"19":[0,0],"20":[0,1],"21":[0,1],"22":[0,0],"23":[1,0],"24":[0,0],"25":[0,0],"26":[0,0],"27":[1,0],"28":[1,0],"29":[0,0],"30":[0,0],"31":[1,0],"32":[0,0],"33":[0,0]},"f":{"1":0,"2":1,"3":1,"4":1,"5":0,"6":1,"7":0,"8":1,"9":1,"10":0,"11":2,"12":2,"13":1,"14":1,"15":0,"16":1,"17":0,"18":1,"19":0,"20":1,"21":0,"22":0,"23":1},"fnMap":{"1":{"name":"user","line":26,"loc":{"start":{"line":26,"column":0},"end":{"line":26,"column":74}}},"2":{"name":"(anonymous_2)","line":35,"loc":{"start":{"line":35,"column":13},"end":{"line":35,"column":32}}},"3":{"name":"(anonymous_3)","line":45,"loc":{"start":{"line":45,"column":18},"end":{"line":45,"column":37}}},"4":{"name":"(anonymous_4)","line":52,"loc":{"start":{"line":52,"column":19},"end":{"line":52,"column":38}}},"5":{"name":"(anonymous_5)","line":60,"loc":{"start":{"line":60,"column":33},"end":{"line":60,"column":53}}},"6":{"name":"(anonymous_6)","line":82,"loc":{"start":{"line":82,"column":19},"end":{"line":82,"column":38}}},"7":{"name":"(anonymous_7)","line":86,"loc":{"start":{"line":86,"column":28},"end":{"line":86,"column":39}}},"8":{"name":"(anonymous_8)","line":94,"loc":{"start":{"line":94,"column":19},"end":{"line":94,"column":38}}},"9":{"name":"(anonymous_9)","line":104,"loc":{"start":{"line":104,"column":20},"end":{"line":104,"column":39}}},"10":{"name":"(anonymous_10)","line":111,"loc":{"start":{"line":111,"column":24},"end":{"line":111,"column":38}}},"11":{"name":"(anonymous_11)","line":123,"loc":{"start":{"line":123,"column":30},"end":{"line":123,"column":49}}},"12":{"name":"(anonymous_12)","line":125,"loc":{"start":{"line":125,"column":36},"end":{"line":125,"column":58}}},"13":{"name":"(anonymous_13)","line":134,"loc":{"start":{"line":134,"column":28},"end":{"line":134,"column":47}}},"14":{"name":"(anonymous_14)","line":144,"loc":{"start":{"line":144,"column":29},"end":{"line":144,"column":48}}},"15":{"name":"(anonymous_15)","line":157,"loc":{"start":{"line":157,"column":26},"end":{"line":157,"column":40}}},"16":{"name":"(anonymous_16)","line":173,"loc":{"start":{"line":173,"column":25},"end":{"line":173,"column":44}}},"17":{"name":"(anonymous_17)","line":187,"loc":{"start":{"line":187,"column":54},"end":{"line":187,"column":74}}},"18":{"name":"(anonymous_18)","line":206,"loc":{"start":{"line":206,"column":26},"end":{"line":206,"column":45}}},"19":{"name":"(anonymous_19)","line":227,"loc":{"start":{"line":227,"column":30},"end":{"line":227,"column":44}}},"20":{"name":"(anonymous_20)","line":241,"loc":{"start":{"line":241,"column":21},"end":{"line":241,"column":40}}},"21":{"name":"(anonymous_21)","line":249,"loc":{"start":{"line":249,"column":54},"end":{"line":249,"column":77}}},"22":{"name":"(anonymous_22)","line":264,"loc":{"start":{"line":264,"column":24},"end":{"line":264,"column":43}}},"23":{"name":"(anonymous_23)","line":268,"loc":{"start":{"line":268,"column":13},"end":{"line":268,"column":32}}}},"statementMap":{"1":{"start":{"line":1,"column":0},"end":{"line":1,"column":33}},"2":{"start":{"line":2,"column":0},"end":{"line":2,"column":41}},"3":{"start":{"line":3,"column":0},"end":{"line":3,"column":20}},"4":{"start":{"line":4,"column":0},"end":{"line":4,"column":36}},"5":{"start":{"line":5,"column":0},"end":{"line":5,"column":27}},"6":{"start":{"line":6,"column":0},"end":{"line":6,"column":35}},"7":{"start":{"line":7,"column":0},"end":{"line":7,"column":40}},"8":{"start":{"line":8,"column":0},"end":{"line":8,"column":44}},"9":{"start":{"line":9,"column":0},"end":{"line":9,"column":51}},"10":{"start":{"line":11,"column":0},"end":{"line":11,"column":51}},"11":{"start":{"line":12,"column":0},"end":{"line":12,"column":30}},"12":{"start":{"line":15,"column":0},"end":{"line":15,"column":52}},"13":{"start":{"line":18,"column":0},"end":{"line":18,"column":49}},"14":{"start":{"line":21,"column":0},"end":{"line":21,"column":42}},"15":{"start":{"line":24,"column":0},"end":{"line":24,"column":50}},"16":{"start":{"line":26,"column":0},"end":{"line":31,"column":1}},"17":{"start":{"line":27,"column":4},"end":{"line":27,"column":23}},"18":{"start":{"line":28,"column":4},"end":{"line":28,"column":25}},"19":{"start":{"line":29,"column":4},"end":{"line":29,"column":51}},"20":{"start":{"line":30,"column":4},"end":{"line":30,"column":57}},"21":{"start":{"line":35,"column":0},"end":{"line":42,"column":3}},"22":{"start":{"line":36,"column":4},"end":{"line":41,"column":41}},"23":{"start":{"line":37,"column":8},"end":{"line":37,"column":56}},"24":{"start":{"line":38,"column":9},"end":{"line":41,"column":41}},"25":{"start":{"line":39,"column":8},"end":{"line":39,"column":34}},"26":{"start":{"line":41,"column":8},"end":{"line":41,"column":41}},"27":{"start":{"line":45,"column":0},"end":{"line":50,"column":3}},"28":{"start":{"line":46,"column":4},"end":{"line":49,"column":63}},"29":{"start":{"line":47,"column":8},"end":{"line":47,"column":74}},"30":{"start":{"line":49,"column":8},"end":{"line":49,"column":63}},"31":{"start":{"line":52,"column":0},"end":{"line":80,"column":3}},"32":{"start":{"line":53,"column":4},"end":{"line":56,"column":6}},"33":{"start":{"line":58,"column":4},"end":{"line":79,"column":5}},"34":{"start":{"line":60,"column":8},"end":{"line":76,"column":11}},"35":{"start":{"line":61,"column":12},"end":{"line":75,"column":13}},"36":{"start":{"line":62,"column":16},"end":{"line":62,"column":95}},"37":{"start":{"line":64,"column":16},"end":{"line":74,"column":17}},"38":{"start":{"line":65,"column":20},"end":{"line":65,"column":95}},"39":{"start":{"line":67,"column":20},"end":{"line":73,"column":21}},"40":{"start":{"line":68,"column":24},"end":{"line":68,"column":73}},"41":{"start":{"line":69,"column":24},"end":{"line":69,"column":116}},"42":{"start":{"line":70,"column":24},"end":{"line":70,"column":42}},"43":{"start":{"line":72,"column":24},"end":{"line":72,"column":99}},"44":{"start":{"line":78,"column":8},"end":{"line":78,"column":83}},"45":{"start":{"line":82,"column":0},"end":{"line":90,"column":3}},"46":{"start":{"line":83,"column":4},"end":{"line":89,"column":5}},"47":{"start":{"line":84,"column":8},"end":{"line":84,"column":70}},"48":{"start":{"line":86,"column":8},"end":{"line":88,"column":11}},"49":{"start":{"line":87,"column":12},"end":{"line":87,"column":35}},"50":{"start":{"line":94,"column":0},"end":{"line":101,"column":3}},"51":{"start":{"line":97,"column":4},"end":{"line":100,"column":64}},"52":{"start":{"line":98,"column":8},"end":{"line":98,"column":74}},"53":{"start":{"line":100,"column":8},"end":{"line":100,"column":64}},"54":{"start":{"line":104,"column":0},"end":{"line":120,"column":3}},"55":{"start":{"line":105,"column":4},"end":{"line":108,"column":6}},"56":{"start":{"line":110,"column":4},"end":{"line":119,"column":5}},"57":{"start":{"line":111,"column":8},"end":{"line":116,"column":11}},"58":{"start":{"line":112,"column":12},"end":{"line":115,"column":39}},"59":{"start":{"line":113,"column":16},"end":{"line":113,"column":95}},"60":{"start":{"line":115,"column":16},"end":{"line":115,"column":39}},"61":{"start":{"line":118,"column":8},"end":{"line":118,"column":87}},"62":{"start":{"line":123,"column":0},"end":{"line":131,"column":3}},"63":{"start":{"line":125,"column":4},"end":{"line":130,"column":7}},"64":{"start":{"line":126,"column":8},"end":{"line":129,"column":51}},"65":{"start":{"line":127,"column":12},"end":{"line":127,"column":42}},"66":{"start":{"line":129,"column":12},"end":{"line":129,"column":51}},"67":{"start":{"line":134,"column":0},"end":{"line":141,"column":3}},"68":{"start":{"line":135,"column":4},"end":{"line":140,"column":74}},"69":{"start":{"line":136,"column":8},"end":{"line":136,"column":60}},"70":{"start":{"line":137,"column":9},"end":{"line":140,"column":74}},"71":{"start":{"line":138,"column":8},"end":{"line":138,"column":78}},"72":{"start":{"line":140,"column":8},"end":{"line":140,"column":74}},"73":{"start":{"line":144,"column":0},"end":{"line":169,"column":3}},"74":{"start":{"line":145,"column":4},"end":{"line":153,"column":9}},"75":{"start":{"line":155,"column":4},"end":{"line":155,"column":58}},"76":{"start":{"line":156,"column":4},"end":{"line":168,"column":5}},"77":{"start":{"line":157,"column":8},"end":{"line":165,"column":11}},"78":{"start":{"line":158,"column":12},"end":{"line":164,"column":13}},"79":{"start":{"line":159,"column":16},"end":{"line":159,"column":95}},"80":{"start":{"line":161,"column":16},"end":{"line":161,"column":56}},"81":{"start":{"line":162,"column":16},"end":{"line":162,"column":63}},"82":{"start":{"line":163,"column":16},"end":{"line":163,"column":42}},"83":{"start":{"line":167,"column":8},"end":{"line":167,"column":55}},"84":{"start":{"line":173,"column":0},"end":{"line":203,"column":3}},"85":{"start":{"line":174,"column":4},"end":{"line":202,"column":5}},"86":{"start":{"line":175,"column":8},"end":{"line":175,"column":73}},"87":{"start":{"line":178,"column":8},"end":{"line":178,"column":32}},"88":{"start":{"line":179,"column":8},"end":{"line":179,"column":46}},"89":{"start":{"line":180,"column":8},"end":{"line":180,"column":42}},"90":{"start":{"line":181,"column":8},"end":{"line":182,"column":32}},"91":{"start":{"line":182,"column":12},"end":{"line":182,"column":32}},"92":{"start":{"line":183,"column":8},"end":{"line":183,"column":35}},"93":{"start":{"line":184,"column":8},"end":{"line":185,"column":28}},"94":{"start":{"line":185,"column":12},"end":{"line":185,"column":28}},"95":{"start":{"line":186,"column":8},"end":{"line":186,"column":34}},"96":{"start":{"line":187,"column":8},"end":{"line":201,"column":11}},"97":{"start":{"line":188,"column":12},"end":{"line":200,"column":13}},"98":{"start":{"line":189,"column":16},"end":{"line":189,"column":95}},"99":{"start":{"line":191,"column":16},"end":{"line":198,"column":17}},"100":{"start":{"line":199,"column":16},"end":{"line":199,"column":67}},"101":{"start":{"line":206,"column":0},"end":{"line":238,"column":3}},"102":{"start":{"line":209,"column":4},"end":{"line":209,"column":28}},"103":{"start":{"line":210,"column":4},"end":{"line":210,"column":42}},"104":{"start":{"line":211,"column":4},"end":{"line":211,"column":38}},"105":{"start":{"line":212,"column":4},"end":{"line":213,"column":28}},"106":{"start":{"line":213,"column":8},"end":{"line":213,"column":28}},"107":{"start":{"line":214,"column":4},"end":{"line":214,"column":31}},"108":{"start":{"line":215,"column":4},"end":{"line":216,"column":24}},"109":{"start":{"line":216,"column":8},"end":{"line":216,"column":24}},"110":{"start":{"line":217,"column":4},"end":{"line":217,"column":30}},"111":{"start":{"line":218,"column":4},"end":{"line":225,"column":5}},"112":{"start":{"line":226,"column":4},"end":{"line":237,"column":5}},"113":{"start":{"line":227,"column":8},"end":{"line":234,"column":11}},"114":{"start":{"line":228,"column":12},"end":{"line":233,"column":13}},"115":{"start":{"line":229,"column":16},"end":{"line":229,"column":95}},"116":{"start":{"line":231,"column":16},"end":{"line":231,"column":60}},"117":{"start":{"line":232,"column":16},"end":{"line":232,"column":42}},"118":{"start":{"line":236,"column":8},"end":{"line":236,"column":72}},"119":{"start":{"line":241,"column":0},"end":{"line":261,"column":3}},"120":{"start":{"line":242,"column":4},"end":{"line":260,"column":5}},"121":{"start":{"line":243,"column":8},"end":{"line":243,"column":73}},"122":{"start":{"line":244,"column":9},"end":{"line":260,"column":5}},"123":{"start":{"line":245,"column":8},"end":{"line":245,"column":90}},"124":{"start":{"line":249,"column":8},"end":{"line":259,"column":11}},"125":{"start":{"line":250,"column":12},"end":{"line":258,"column":13}},"126":{"start":{"line":251,"column":16},"end":{"line":251,"column":95}},"127":{"start":{"line":253,"column":16},"end":{"line":256,"column":17}},"128":{"start":{"line":257,"column":16},"end":{"line":257,"column":67}},"129":{"start":{"line":264,"column":0},"end":{"line":266,"column":3}},"130":{"start":{"line":268,"column":0},"end":{"line":270,"column":3}},"131":{"start":{"line":269,"column":4},"end":{"line":269,"column":69}},"132":{"start":{"line":272,"column":0},"end":{"line":272,"column":70}},"133":{"start":{"line":272,"column":23},"end":{"line":272,"column":68}},"134":{"start":{"line":273,"column":0},"end":{"line":273,"column":20}}},"branchMap":{"1":{"line":4,"type":"binary-expr","locations":[{"start":{"line":4,"column":11},"end":{"line":4,"column":27}},{"start":{"line":4,"column":31},"end":{"line":4,"column":35}}]},"2":{"line":36,"type":"if","locations":[{"start":{"line":36,"column":4},"end":{"line":36,"column":4}},{"start":{"line":36,"column":4},"end":{"line":36,"column":4}}]},"3":{"line":38,"type":"if","locations":[{"start":{"line":38,"column":9},"end":{"line":38,"column":9}},{"start":{"line":38,"column":9},"end":{"line":38,"column":9}}]},"4":{"line":46,"type":"if","locations":[{"start":{"line":46,"column":4},"end":{"line":46,"column":4}},{"start":{"line":46,"column":4},"end":{"line":46,"column":4}}]},"5":{"line":55,"type":"cond-expr","locations":[{"start":{"line":55,"column":38},"end":{"line":55,"column":55}},{"start":{"line":55,"column":58},"end":{"line":55,"column":67}}]},"6":{"line":58,"type":"if","locations":[{"start":{"line":58,"column":4},"end":{"line":58,"column":4}},{"start":{"line":58,"column":4},"end":{"line":58,"column":4}}]},"7":{"line":61,"type":"if","locations":[{"start":{"line":61,"column":12},"end":{"line":61,"column":12}},{"start":{"line":61,"column":12},"end":{"line":61,"column":12}}]},"8":{"line":64,"type":"if","locations":[{"start":{"line":64,"column":16},"end":{"line":64,"column":16}},{"start":{"line":64,"column":16},"end":{"line":64,"column":16}}]},"9":{"line":64,"type":"binary-expr","locations":[{"start":{"line":64,"column":20},"end":{"line":64,"column":25}},{"start":{"line":64,"column":29},"end":{"line":64,"column":41}}]},"10":{"line":67,"type":"if","locations":[{"start":{"line":67,"column":20},"end":{"line":67,"column":20}},{"start":{"line":67,"column":20},"end":{"line":67,"column":20}}]},"11":{"line":68,"type":"cond-expr","locations":[{"start":{"line":68,"column":60},"end":{"line":68,"column":65}},{"start":{"line":68,"column":68},"end":{"line":68,"column":72}}]},"12":{"line":83,"type":"if","locations":[{"start":{"line":83,"column":4},"end":{"line":83,"column":4}},{"start":{"line":83,"column":4},"end":{"line":83,"column":4}}]},"13":{"line":97,"type":"if","locations":[{"start":{"line":97,"column":4},"end":{"line":97,"column":4}},{"start":{"line":97,"column":4},"end":{"line":97,"column":4}}]},"14":{"line":107,"type":"cond-expr","locations":[{"start":{"line":107,"column":38},"end":{"line":107,"column":78}},{"start":{"line":107,"column":81},"end":{"line":107,"column":90}}]},"15":{"line":110,"type":"if","locations":[{"start":{"line":110,"column":4},"end":{"line":110,"column":4}},{"start":{"line":110,"column":4},"end":{"line":110,"column":4}}]},"16":{"line":112,"type":"if","locations":[{"start":{"line":112,"column":12},"end":{"line":112,"column":12}},{"start":{"line":112,"column":12},"end":{"line":112,"column":12}}]},"17":{"line":126,"type":"if","locations":[{"start":{"line":126,"column":8},"end":{"line":126,"column":8}},{"start":{"line":126,"column":8},"end":{"line":126,"column":8}}]},"18":{"line":135,"type":"if","locations":[{"start":{"line":135,"column":4},"end":{"line":135,"column":4}},{"start":{"line":135,"column":4},"end":{"line":135,"column":4}}]},"19":{"line":137,"type":"if","locations":[{"start":{"line":137,"column":9},"end":{"line":137,"column":9}},{"start":{"line":137,"column":9},"end":{"line":137,"column":9}}]},"20":{"line":152,"type":"cond-expr","locations":[{"start":{"line":152,"column":38},"end":{"line":152,"column":60}},{"start":{"line":152,"column":63},"end":{"line":152,"column":72}}]},"21":{"line":156,"type":"if","locations":[{"start":{"line":156,"column":4},"end":{"line":156,"column":4}},{"start":{"line":156,"column":4},"end":{"line":156,"column":4}}]},"22":{"line":158,"type":"if","locations":[{"start":{"line":158,"column":12},"end":{"line":158,"column":12}},{"start":{"line":158,"column":12},"end":{"line":158,"column":12}}]},"23":{"line":174,"type":"if","locations":[{"start":{"line":174,"column":4},"end":{"line":174,"column":4}},{"start":{"line":174,"column":4},"end":{"line":174,"column":4}}]},"24":{"line":181,"type":"if","locations":[{"start":{"line":181,"column":8},"end":{"line":181,"column":8}},{"start":{"line":181,"column":8},"end":{"line":181,"column":8}}]},"25":{"line":184,"type":"if","locations":[{"start":{"line":184,"column":8},"end":{"line":184,"column":8}},{"start":{"line":184,"column":8},"end":{"line":184,"column":8}}]},"26":{"line":188,"type":"if","locations":[{"start":{"line":188,"column":12},"end":{"line":188,"column":12}},{"start":{"line":188,"column":12},"end":{"line":188,"column":12}}]},"27":{"line":212,"type":"if","locations":[{"start":{"line":212,"column":4},"end":{"line":212,"column":4}},{"start":{"line":212,"column":4},"end":{"line":212,"column":4}}]},"28":{"line":215,"type":"if","locations":[{"start":{"line":215,"column":4},"end":{"line":215,"column":4}},{"start":{"line":215,"column":4},"end":{"line":215,"column":4}}]},"29":{"line":226,"type":"if","locations":[{"start":{"line":226,"column":4},"end":{"line":226,"column":4}},{"start":{"line":226,"column":4},"end":{"line":226,"column":4}}]},"30":{"line":228,"type":"if","locations":[{"start":{"line":228,"column":12},"end":{"line":228,"column":12}},{"start":{"line":228,"column":12},"end":{"line":228,"column":12}}]},"31":{"line":242,"type":"if","locations":[{"start":{"line":242,"column":4},"end":{"line":242,"column":4}},{"start":{"line":242,"column":4},"end":{"line":242,"column":4}}]},"32":{"line":244,"type":"if","locations":[{"start":{"line":244,"column":9},"end":{"line":244,"column":9}},{"start":{"line":244,"column":9},"end":{"line":244,"column":9}}]},"33":{"line":250,"type":"if","locations":[{"start":{"line":250,"column":12},"end":{"line":250,"column":12}},{"start":{"line":250,"column":12},"end":{"line":250,"column":12}}]}}},"/mnt/c/Users/mayoor shardha/Desktop/SD-Assignment1/server/db.js":{"path":"/mnt/c/Users/mayoor shardha/Desktop/SD-Assignment1/server/db.js","s":{"1":1,"2":1,"3":1,"4":2,"5":2,"6":0,"7":0,"8":2,"9":2,"10":2,"11":2,"12":2,"13":2,"14":2,"15":2,"16":2,"17":2,"18":2,"19":0,"20":1,"21":1,"22":2,"23":2,"24":0,"25":0,"26":2,"27":2,"28":2,"29":2,"30":2,"31":2,"32":0,"33":0,"34":2,"35":1,"36":1,"37":2,"38":2,"39":0,"40":0,"41":2,"42":2,"43":2,"44":2,"45":2,"46":2,"47":0,"48":0,"49":2,"50":1,"51":1,"52":2,"53":2,"54":0,"55":0,"56":2,"57":2,"58":2,"59":2,"60":2,"61":2,"62":2,"63":2,"64":2,"65":2,"66":2,"67":2,"68":2,"69":2,"70":2,"71":2,"72":2,"73":0,"74":1,"75":1,"76":2,"77":2,"78":0,"79":0,"80":2,"81":2,"82":2,"83":2,"84":2,"85":2,"86":0,"87":0,"88":2,"89":2,"90":1,"91":1,"92":4,"93":4,"94":0,"95":0,"96":4,"97":4,"98":4,"99":4,"100":4,"101":4,"102":0,"103":0,"104":4,"105":1,"106":1,"107":2,"108":2,"109":0,"110":0,"111":2,"112":2,"113":2,"114":2,"115":2,"116":2,"117":2,"118":2,"119":2,"120":2,"121":2,"122":2,"123":2,"124":2,"125":2,"126":2,"127":2,"128":2,"129":2,"130":2,"131":0,"132":0,"133":2,"134":1},"b":{"1":[0,2],"2":[2,0],"3":[0,2],"4":[0,2],"5":[0,2],"6":[0,2],"7":[0,2],"8":[2,0],"9":[0,2],"10":[0,2],"11":[0,4],"12":[0,4],"13":[0,2],"14":[2,0],"15":[0,2]},"f":{"1":2,"2":2,"3":2,"4":2,"5":2,"6":2,"7":2,"8":2,"9":2,"10":2,"11":2,"12":2,"13":2,"14":2,"15":2,"16":4,"17":4,"18":4,"19":2,"20":2,"21":2},"fnMap":{"1":{"name":"(anonymous_1)","line":11,"loc":{"start":{"line":11,"column":9},"end":{"line":11,"column":34}}},"2":{"name":"(anonymous_2)","line":12,"loc":{"start":{"line":12,"column":23},"end":{"line":12,"column":49}}},"3":{"name":"(anonymous_3)","line":24,"loc":{"start":{"line":24,"column":34},"end":{"line":24,"column":56}}},"4":{"name":"(anonymous_4)","line":38,"loc":{"start":{"line":38,"column":21},"end":{"line":38,"column":47}}},"5":{"name":"(anonymous_5)","line":40,"loc":{"start":{"line":40,"column":23},"end":{"line":40,"column":49}}},"6":{"name":"(anonymous_6)","line":50,"loc":{"start":{"line":50,"column":34},"end":{"line":50,"column":56}}},"7":{"name":"(anonymous_7)","line":64,"loc":{"start":{"line":64,"column":21},"end":{"line":64,"column":47}}},"8":{"name":"(anonymous_8)","line":66,"loc":{"start":{"line":66,"column":23},"end":{"line":66,"column":49}}},"9":{"name":"(anonymous_9)","line":75,"loc":{"start":{"line":75,"column":34},"end":{"line":75,"column":56}}},"10":{"name":"(anonymous_10)","line":89,"loc":{"start":{"line":89,"column":15},"end":{"line":89,"column":40}}},"11":{"name":"(anonymous_11)","line":90,"loc":{"start":{"line":90,"column":23},"end":{"line":90,"column":49}}},"12":{"name":"(anonymous_12)","line":108,"loc":{"start":{"line":108,"column":34},"end":{"line":108,"column":56}}},"13":{"name":"(anonymous_13)","line":122,"loc":{"start":{"line":122,"column":18},"end":{"line":122,"column":43}}},"14":{"name":"(anonymous_14)","line":123,"loc":{"start":{"line":123,"column":23},"end":{"line":123,"column":49}}},"15":{"name":"(anonymous_15)","line":134,"loc":{"start":{"line":134,"column":34},"end":{"line":134,"column":56}}},"16":{"name":"(anonymous_16)","line":149,"loc":{"start":{"line":149,"column":13},"end":{"line":149,"column":39}}},"17":{"name":"(anonymous_17)","line":150,"loc":{"start":{"line":150,"column":23},"end":{"line":150,"column":49}}},"18":{"name":"(anonymous_18)","line":160,"loc":{"start":{"line":160,"column":34},"end":{"line":160,"column":56}}},"19":{"name":"(anonymous_19)","line":174,"loc":{"start":{"line":174,"column":11},"end":{"line":174,"column":36}}},"20":{"name":"(anonymous_20)","line":175,"loc":{"start":{"line":175,"column":23},"end":{"line":175,"column":49}}},"21":{"name":"(anonymous_21)","line":199,"loc":{"start":{"line":199,"column":34},"end":{"line":199,"column":56}}}},"statementMap":{"1":{"start":{"line":1,"column":0},"end":{"line":1,"column":29}},"2":{"start":{"line":4,"column":0},"end":{"line":9,"column":3}},"3":{"start":{"line":11,"column":0},"end":{"line":35,"column":1}},"4":{"start":{"line":12,"column":4},"end":{"line":34,"column":7}},"5":{"start":{"line":13,"column":8},"end":{"line":33,"column":9}},"6":{"start":{"line":14,"column":12},"end":{"line":14,"column":27}},"7":{"start":{"line":15,"column":12},"end":{"line":15,"column":19}},"8":{"start":{"line":17,"column":12},"end":{"line":17,"column":57}},"9":{"start":{"line":18,"column":12},"end":{"line":18,"column":30}},"10":{"start":{"line":19,"column":12},"end":{"line":19,"column":26}},"11":{"start":{"line":20,"column":12},"end":{"line":20,"column":33}},"12":{"start":{"line":21,"column":12},"end":{"line":21,"column":24}},"13":{"start":{"line":22,"column":12},"end":{"line":22,"column":23}},"14":{"start":{"line":24,"column":12},"end":{"line":32,"column":15}},"15":{"start":{"line":25,"column":16},"end":{"line":31,"column":17}},"16":{"start":{"line":26,"column":20},"end":{"line":26,"column":41}},"17":{"start":{"line":27,"column":20},"end":{"line":27,"column":35}},"18":{"start":{"line":28,"column":20},"end":{"line":28,"column":27}},"19":{"start":{"line":30,"column":20},"end":{"line":30,"column":36}},"20":{"start":{"line":36,"column":0},"end":{"line":36,"column":31}},"21":{"start":{"line":38,"column":0},"end":{"line":61,"column":1}},"22":{"start":{"line":40,"column":4},"end":{"line":60,"column":7}},"23":{"start":{"line":41,"column":8},"end":{"line":59,"column":9}},"24":{"start":{"line":42,"column":12},"end":{"line":42,"column":27}},"25":{"start":{"line":43,"column":12},"end":{"line":43,"column":19}},"26":{"start":{"line":45,"column":12},"end":{"line":45,"column":118}},"27":{"start":{"line":46,"column":12},"end":{"line":46,"column":25}},"28":{"start":{"line":47,"column":12},"end":{"line":47,"column":24}},"29":{"start":{"line":50,"column":12},"end":{"line":58,"column":15}},"30":{"start":{"line":51,"column":16},"end":{"line":51,"column":37}},"31":{"start":{"line":52,"column":16},"end":{"line":57,"column":17}},"32":{"start":{"line":53,"column":20},"end":{"line":53,"column":35}},"33":{"start":{"line":54,"column":20},"end":{"line":54,"column":27}},"34":{"start":{"line":56,"column":20},"end":{"line":56,"column":44}},"35":{"start":{"line":62,"column":0},"end":{"line":62,"column":55}},"36":{"start":{"line":64,"column":0},"end":{"line":86,"column":1}},"37":{"start":{"line":66,"column":4},"end":{"line":85,"column":7}},"38":{"start":{"line":67,"column":8},"end":{"line":84,"column":9}},"39":{"start":{"line":68,"column":12},"end":{"line":68,"column":27}},"40":{"start":{"line":69,"column":12},"end":{"line":69,"column":19}},"41":{"start":{"line":71,"column":12},"end":{"line":71,"column":177}},"42":{"start":{"line":72,"column":12},"end":{"line":72,"column":41}},"43":{"start":{"line":73,"column":12},"end":{"line":73,"column":45}},"44":{"start":{"line":75,"column":12},"end":{"line":83,"column":15}},"45":{"start":{"line":76,"column":16},"end":{"line":76,"column":37}},"46":{"start":{"line":77,"column":16},"end":{"line":82,"column":17}},"47":{"start":{"line":78,"column":20},"end":{"line":78,"column":35}},"48":{"start":{"line":79,"column":20},"end":{"line":79,"column":27}},"49":{"start":{"line":81,"column":20},"end":{"line":81,"column":44}},"50":{"start":{"line":87,"column":0},"end":{"line":87,"column":55}},"51":{"start":{"line":89,"column":0},"end":{"line":119,"column":1}},"52":{"start":{"line":90,"column":4},"end":{"line":118,"column":7}},"53":{"start":{"line":91,"column":8},"end":{"line":117,"column":9}},"54":{"start":{"line":92,"column":12},"end":{"line":92,"column":27}},"55":{"start":{"line":93,"column":12},"end":{"line":93,"column":19}},"56":{"start":{"line":95,"column":12},"end":{"line":95,"column":58}},"57":{"start":{"line":96,"column":12},"end":{"line":96,"column":30}},"58":{"start":{"line":97,"column":12},"end":{"line":97,"column":25}},"59":{"start":{"line":98,"column":12},"end":{"line":98,"column":38}},"60":{"start":{"line":99,"column":12},"end":{"line":99,"column":25}},"61":{"start":{"line":100,"column":12},"end":{"line":100,"column":37}},"62":{"start":{"line":101,"column":12},"end":{"line":101,"column":25}},"63":{"start":{"line":102,"column":12},"end":{"line":102,"column":32}},"64":{"start":{"line":103,"column":12},"end":{"line":103,"column":25}},"65":{"start":{"line":104,"column":12},"end":{"line":104,"column":30}},"66":{"start":{"line":105,"column":12},"end":{"line":105,"column":24}},"67":{"start":{"line":106,"column":12},"end":{"line":106,"column":23}},"68":{"start":{"line":108,"column":12},"end":{"line":116,"column":15}},"69":{"start":{"line":109,"column":16},"end":{"line":109,"column":37}},"70":{"start":{"line":110,"column":16},"end":{"line":115,"column":17}},"71":{"start":{"line":111,"column":20},"end":{"line":111,"column":35}},"72":{"start":{"line":112,"column":20},"end":{"line":112,"column":27}},"73":{"start":{"line":114,"column":20},"end":{"line":114,"column":36}},"74":{"start":{"line":120,"column":0},"end":{"line":120,"column":43}},"75":{"start":{"line":122,"column":0},"end":{"line":146,"column":1}},"76":{"start":{"line":123,"column":4},"end":{"line":145,"column":7}},"77":{"start":{"line":124,"column":8},"end":{"line":144,"column":9}},"78":{"start":{"line":125,"column":12},"end":{"line":125,"column":27}},"79":{"start":{"line":126,"column":12},"end":{"line":126,"column":19}},"80":{"start":{"line":128,"column":12},"end":{"line":128,"column":268}},"81":{"start":{"line":129,"column":12},"end":{"line":129,"column":30}},"82":{"start":{"line":130,"column":12},"end":{"line":130,"column":23}},"83":{"start":{"line":134,"column":12},"end":{"line":143,"column":15}},"84":{"start":{"line":135,"column":16},"end":{"line":135,"column":37}},"85":{"start":{"line":136,"column":16},"end":{"line":142,"column":17}},"86":{"start":{"line":137,"column":20},"end":{"line":137,"column":35}},"87":{"start":{"line":138,"column":20},"end":{"line":138,"column":27}},"88":{"start":{"line":140,"column":20},"end":{"line":140,"column":44}},"89":{"start":{"line":141,"column":20},"end":{"line":141,"column":27}},"90":{"start":{"line":147,"column":0},"end":{"line":147,"column":49}},"91":{"start":{"line":149,"column":0},"end":{"line":171,"column":1}},"92":{"start":{"line":150,"column":4},"end":{"line":170,"column":7}},"93":{"start":{"line":151,"column":8},"end":{"line":169,"column":9}},"94":{"start":{"line":152,"column":12},"end":{"line":152,"column":27}},"95":{"start":{"line":153,"column":12},"end":{"line":153,"column":19}},"96":{"start":{"line":155,"column":12},"end":{"line":155,"column":86}},"97":{"start":{"line":156,"column":12},"end":{"line":156,"column":25}},"98":{"start":{"line":157,"column":12},"end":{"line":157,"column":23}},"99":{"start":{"line":160,"column":12},"end":{"line":168,"column":15}},"100":{"start":{"line":161,"column":16},"end":{"line":161,"column":37}},"101":{"start":{"line":162,"column":16},"end":{"line":167,"column":17}},"102":{"start":{"line":163,"column":20},"end":{"line":163,"column":35}},"103":{"start":{"line":164,"column":20},"end":{"line":164,"column":27}},"104":{"start":{"line":166,"column":20},"end":{"line":166,"column":44}},"105":{"start":{"line":172,"column":0},"end":{"line":172,"column":39}},"106":{"start":{"line":174,"column":0},"end":{"line":210,"column":1}},"107":{"start":{"line":175,"column":4},"end":{"line":209,"column":7}},"108":{"start":{"line":176,"column":8},"end":{"line":208,"column":9}},"109":{"start":{"line":177,"column":12},"end":{"line":177,"column":27}},"110":{"start":{"line":178,"column":12},"end":{"line":178,"column":19}},"111":{"start":{"line":180,"column":12},"end":{"line":180,"column":65}},"112":{"start":{"line":181,"column":12},"end":{"line":181,"column":33}},"113":{"start":{"line":182,"column":12},"end":{"line":182,"column":38}},"114":{"start":{"line":183,"column":12},"end":{"line":183,"column":33}},"115":{"start":{"line":184,"column":12},"end":{"line":187,"column":13}},"116":{"start":{"line":185,"column":16},"end":{"line":185,"column":42}},"117":{"start":{"line":186,"column":16},"end":{"line":186,"column":37}},"118":{"start":{"line":188,"column":12},"end":{"line":188,"column":33}},"119":{"start":{"line":189,"column":12},"end":{"line":189,"column":29}},"120":{"start":{"line":190,"column":12},"end":{"line":190,"column":39}},"121":{"start":{"line":191,"column":12},"end":{"line":191,"column":30}},"122":{"start":{"line":192,"column":12},"end":{"line":192,"column":36}},"123":{"start":{"line":193,"column":12},"end":{"line":193,"column":32}},"124":{"start":{"line":194,"column":12},"end":{"line":194,"column":45}},"125":{"start":{"line":195,"column":12},"end":{"line":195,"column":37}},"126":{"start":{"line":196,"column":12},"end":{"line":196,"column":30}},"127":{"start":{"line":197,"column":12},"end":{"line":197,"column":23}},"128":{"start":{"line":199,"column":12},"end":{"line":207,"column":15}},"129":{"start":{"line":200,"column":16},"end":{"line":200,"column":37}},"130":{"start":{"line":201,"column":16},"end":{"line":206,"column":17}},"131":{"start":{"line":202,"column":20},"end":{"line":202,"column":35}},"132":{"start":{"line":203,"column":20},"end":{"line":203,"column":27}},"133":{"start":{"line":205,"column":20},"end":{"line":205,"column":36}},"134":{"start":{"line":211,"column":0},"end":{"line":211,"column":35}}},"branchMap":{"1":{"line":13,"type":"if","locations":[{"start":{"line":13,"column":8},"end":{"line":13,"column":8}},{"start":{"line":13,"column":8},"end":{"line":13,"column":8}}]},"2":{"line":25,"type":"if","locations":[{"start":{"line":25,"column":16},"end":{"line":25,"column":16}},{"start":{"line":25,"column":16},"end":{"line":25,"column":16}}]},"3":{"line":41,"type":"if","locations":[{"start":{"line":41,"column":8},"end":{"line":41,"column":8}},{"start":{"line":41,"column":8},"end":{"line":41,"column":8}}]},"4":{"line":52,"type":"if","locations":[{"start":{"line":52,"column":16},"end":{"line":52,"column":16}},{"start":{"line":52,"column":16},"end":{"line":52,"column":16}}]},"5":{"line":67,"type":"if","locations":[{"start":{"line":67,"column":8},"end":{"line":67,"column":8}},{"start":{"line":67,"column":8},"end":{"line":67,"column":8}}]},"6":{"line":77,"type":"if","locations":[{"start":{"line":77,"column":16},"end":{"line":77,"column":16}},{"start":{"line":77,"column":16},"end":{"line":77,"column":16}}]},"7":{"line":91,"type":"if","locations":[{"start":{"line":91,"column":8},"end":{"line":91,"column":8}},{"start":{"line":91,"column":8},"end":{"line":91,"column":8}}]},"8":{"line":110,"type":"if","locations":[{"start":{"line":110,"column":16},"end":{"line":110,"column":16}},{"start":{"line":110,"column":16},"end":{"line":110,"column":16}}]},"9":{"line":124,"type":"if","locations":[{"start":{"line":124,"column":8},"end":{"line":124,"column":8}},{"start":{"line":124,"column":8},"end":{"line":124,"column":8}}]},"10":{"line":136,"type":"if","locations":[{"start":{"line":136,"column":16},"end":{"line":136,"column":16}},{"start":{"line":136,"column":16},"end":{"line":136,"column":16}}]},"11":{"line":151,"type":"if","locations":[{"start":{"line":151,"column":8},"end":{"line":151,"column":8}},{"start":{"line":151,"column":8},"end":{"line":151,"column":8}}]},"12":{"line":162,"type":"if","locations":[{"start":{"line":162,"column":16},"end":{"line":162,"column":16}},{"start":{"line":162,"column":16},"end":{"line":162,"column":16}}]},"13":{"line":176,"type":"if","locations":[{"start":{"line":176,"column":8},"end":{"line":176,"column":8}},{"start":{"line":176,"column":8},"end":{"line":176,"column":8}}]},"14":{"line":184,"type":"if","locations":[{"start":{"line":184,"column":12},"end":{"line":184,"column":12}},{"start":{"line":184,"column":12},"end":{"line":184,"column":12}}]},"15":{"line":201,"type":"if","locations":[{"start":{"line":201,"column":16},"end":{"line":201,"column":16}},{"start":{"line":201,"column":16},"end":{"line":201,"column":16}}]}}},"/mnt/c/Users/mayoor shardha/Desktop/SD-Assignment1/assets/js/functions.js":{"path":"/mnt/c/Users/mayoor shardha/Desktop/SD-Assignment1/assets/js/functions.js","s":{"1":1,"2":4,"3":2,"4":2,"5":2,"6":1,"7":1,"8":2,"9":0,"10":2,"11":1,"12":1,"13":14,"14":3,"15":11,"16":2,"17":9,"18":1,"19":8,"20":2,"21":6,"22":2,"23":4,"24":3,"25":1,"26":1,"27":1,"28":4,"29":1,"30":3,"31":1},"b":{"1":[2,2],"2":[0,2],"3":[2,0,0,0,0],"4":[3,11],"5":[14,12,12],"6":[2,9],"7":[11,10,10],"8":[1,8],"9":[9,9],"10":[2,6],"11":[8,7,7],"12":[2,4],"13":[6,5,5],"14":[3,1],"15":[4,3,3,2],"16":[1,3],"17":[4,3,1]},"f":{"1":4,"2":2,"3":14,"4":4},"fnMap":{"1":{"name":"validateEmail","line":1,"loc":{"start":{"line":1,"column":0},"end":{"line":1,"column":30}}},"2":{"name":"validateInput","line":9,"loc":{"start":{"line":9,"column":0},"end":{"line":9,"column":40}}},"3":{"name":"validateRegisterProfile","line":18,"loc":{"start":{"line":18,"column":0},"end":{"line":18,"column":45}}},"4":{"name":"validQouteRequested","line":44,"loc":{"start":{"line":44,"column":0},"end":{"line":44,"column":52}}}},"statementMap":{"1":{"start":{"line":1,"column":0},"end":{"line":6,"column":1}},"2":{"start":{"line":2,"column":4},"end":{"line":3,"column":21}},"3":{"start":{"line":3,"column":8},"end":{"line":3,"column":21}},"4":{"start":{"line":4,"column":4},"end":{"line":4,"column":169}},"5":{"start":{"line":5,"column":4},"end":{"line":5,"column":48}},"6":{"start":{"line":7,"column":0},"end":{"line":7,"column":45}},"7":{"start":{"line":9,"column":0},"end":{"line":14,"column":1}},"8":{"start":{"line":10,"column":4},"end":{"line":13,"column":21}},"9":{"start":{"line":11,"column":8},"end":{"line":11,"column":20}},"10":{"start":{"line":13,"column":8},"end":{"line":13,"column":21}},"11":{"start":{"line":16,"column":0},"end":{"line":16,"column":45}},"12":{"start":{"line":18,"column":0},"end":{"line":40,"column":1}},"13":{"start":{"line":19,"column":4},"end":{"line":20,"column":70}},"14":{"start":{"line":20,"column":8},"end":{"line":20,"column":70}},"15":{"start":{"line":22,"column":4},"end":{"line":23,"column":77}},"16":{"start":{"line":23,"column":8},"end":{"line":23,"column":77}},"17":{"start":{"line":25,"column":4},"end":{"line":26,"column":77}},"18":{"start":{"line":26,"column":8},"end":{"line":26,"column":77}},"19":{"start":{"line":28,"column":4},"end":{"line":29,"column":65}},"20":{"start":{"line":29,"column":8},"end":{"line":29,"column":65}},"21":{"start":{"line":31,"column":4},"end":{"line":32,"column":43}},"22":{"start":{"line":32,"column":8},"end":{"line":32,"column":43}},"23":{"start":{"line":34,"column":4},"end":{"line":38,"column":21}},"24":{"start":{"line":35,"column":8},"end":{"line":35,"column":69}},"25":{"start":{"line":38,"column":8},"end":{"line":38,"column":21}},"26":{"start":{"line":42,"column":0},"end":{"line":42,"column":65}},"27":{"start":{"line":44,"column":0},"end":{"line":49,"column":1}},"28":{"start":{"line":45,"column":4},"end":{"line":48,"column":21}},"29":{"start":{"line":46,"column":8},"end":{"line":46,"column":20}},"30":{"start":{"line":48,"column":8},"end":{"line":48,"column":21}},"31":{"start":{"line":50,"column":0},"end":{"line":50,"column":57}}},"branchMap":{"1":{"line":2,"type":"if","locations":[{"start":{"line":2,"column":4},"end":{"line":2,"column":4}},{"start":{"line":2,"column":4},"end":{"line":2,"column":4}}]},"2":{"line":10,"type":"if","locations":[{"start":{"line":10,"column":4},"end":{"line":10,"column":4}},{"start":{"line":10,"column":4},"end":{"line":10,"column":4}}]},"3":{"line":10,"type":"binary-expr","locations":[{"start":{"line":10,"column":9},"end":{"line":10,"column":29}},{"start":{"line":10,"column":35},"end":{"line":10,"column":47}},{"start":{"line":10,"column":53},"end":{"line":10,"column":68}},{"start":{"line":10,"column":74},"end":{"line":10,"column":79}},{"start":{"line":10,"column":85},"end":{"line":10,"column":93}}]},"4":{"line":19,"type":"if","locations":[{"start":{"line":19,"column":4},"end":{"line":19,"column":4}},{"start":{"line":19,"column":4},"end":{"line":19,"column":4}}]},"5":{"line":19,"type":"binary-expr","locations":[{"start":{"line":19,"column":8},"end":{"line":19,"column":28}},{"start":{"line":19,"column":32},"end":{"line":19,"column":58}},{"start":{"line":19,"column":62},"end":{"line":19,"column":93}}]},"6":{"line":22,"type":"if","locations":[{"start":{"line":22,"column":4},"end":{"line":22,"column":4}},{"start":{"line":22,"column":4},"end":{"line":22,"column":4}}]},"7":{"line":22,"type":"binary-expr","locations":[{"start":{"line":22,"column":8},"end":{"line":22,"column":28}},{"start":{"line":22,"column":32},"end":{"line":22,"column":58}},{"start":{"line":22,"column":62},"end":{"line":22,"column":94}}]},"8":{"line":25,"type":"if","locations":[{"start":{"line":25,"column":4},"end":{"line":25,"column":4}},{"start":{"line":25,"column":4},"end":{"line":25,"column":4}}]},"9":{"line":25,"type":"binary-expr","locations":[{"start":{"line":25,"column":8},"end":{"line":25,"column":27}},{"start":{"line":25,"column":31},"end":{"line":25,"column":63}}]},"10":{"line":28,"type":"if","locations":[{"start":{"line":28,"column":4},"end":{"line":28,"column":4}},{"start":{"line":28,"column":4},"end":{"line":28,"column":4}}]},"11":{"line":28,"type":"binary-expr","locations":[{"start":{"line":28,"column":8},"end":{"line":28,"column":24}},{"start":{"line":28,"column":28},"end":{"line":28,"column":50}},{"start":{"line":28,"column":54},"end":{"line":28,"column":82}}]},"12":{"line":31,"type":"if","locations":[{"start":{"line":31,"column":4},"end":{"line":31,"column":4}},{"start":{"line":31,"column":4},"end":{"line":31,"column":4}}]},"13":{"line":31,"type":"binary-expr","locations":[{"start":{"line":31,"column":8},"end":{"line":31,"column":25}},{"start":{"line":31,"column":29},"end":{"line":31,"column":52}},{"start":{"line":31,"column":56},"end":{"line":31,"column":83}}]},"14":{"line":34,"type":"if","locations":[{"start":{"line":34,"column":4},"end":{"line":34,"column":4}},{"start":{"line":34,"column":4},"end":{"line":34,"column":4}}]},"15":{"line":34,"type":"binary-expr","locations":[{"start":{"line":34,"column":8},"end":{"line":34,"column":27}},{"start":{"line":34,"column":31},"end":{"line":34,"column":56}},{"start":{"line":34,"column":60},"end":{"line":34,"column":89}},{"start":{"line":34,"column":93},"end":{"line":34,"column":122}}]},"16":{"line":45,"type":"if","locations":[{"start":{"line":45,"column":4},"end":{"line":45,"column":4}},{"start":{"line":45,"column":4},"end":{"line":45,"column":4}}]},"17":{"line":45,"type":"binary-expr","locations":[{"start":{"line":45,"column":9},"end":{"line":45,"column":23}},{"start":{"line":45,"column":29},"end":{"line":45,"column":48}},{"start":{"line":45,"column":54},"end":{"line":45,"column":73}}]}}},"/mnt/c/Users/mayoor shardha/Desktop/SD-Assignment1/spec/db.spec.js":{"path":"/mnt/c/Users/mayoor shardha/Desktop/SD-Assignment1/spec/db.spec.js","s":{"1":1,"2":1,"3":1,"4":1,"5":1,"6":1,"7":0,"8":1,"9":1,"10":1,"11":1,"12":0,"13":1,"14":1,"15":1,"16":1,"17":1,"18":1,"19":0,"20":1,"21":1,"22":1,"23":1,"24":1,"25":0,"26":1,"27":1,"28":1,"29":1,"30":1,"31":1,"32":1,"33":0,"34":1,"35":1,"36":1,"37":1,"38":1,"39":0,"40":1,"41":1,"42":1,"43":1,"44":1,"45":0,"46":1,"47":1,"48":1,"49":1,"50":1,"51":0,"52":1,"53":1,"54":1,"55":1,"56":1,"57":1,"58":0,"59":1,"60":1,"61":1,"62":1,"63":1,"64":0,"65":1,"66":1,"67":1,"68":1,"69":1,"70":1,"71":1,"72":0,"73":1,"74":1,"75":1,"76":1,"77":1,"78":0,"79":1,"80":1,"81":1,"82":1,"83":1,"84":0,"85":1,"86":1,"87":1,"88":1,"89":1,"90":0,"91":1},"b":{"1":[0,1],"2":[0,1],"3":[0,1],"4":[0,1],"5":[1,0],"6":[1,0],"7":[0,1],"8":[0,1],"9":[0,1],"10":[0,1],"11":[1,0],"12":[1,0],"13":[0,1],"14":[0,1]},"f":{"1":1,"2":1,"3":1,"4":1,"5":1,"6":1,"7":1,"8":1,"9":1,"10":1,"11":1,"12":1,"13":1,"14":1,"15":1,"16":1,"17":1,"18":1,"19":1,"20":1,"21":1,"22":1,"23":1,"24":1,"25":1,"26":1,"27":1,"28":1,"29":1,"30":1,"31":1,"32":1,"33":1,"34":1,"35":1},"fnMap":{"1":{"name":"(anonymous_1)","line":3,"loc":{"start":{"line":3,"column":30},"end":{"line":3,"column":41}}},"2":{"name":"(anonymous_2)","line":5,"loc":{"start":{"line":5,"column":92},"end":{"line":5,"column":103}}},"3":{"name":"(anonymous_3)","line":6,"loc":{"start":{"line":6,"column":69},"end":{"line":6,"column":89}}},"4":{"name":"(anonymous_4)","line":15,"loc":{"start":{"line":15,"column":87},"end":{"line":15,"column":98}}},"5":{"name":"(anonymous_5)","line":16,"loc":{"start":{"line":16,"column":60},"end":{"line":16,"column":80}}},"6":{"name":"(anonymous_6)","line":26,"loc":{"start":{"line":26,"column":31},"end":{"line":26,"column":42}}},"7":{"name":"(anonymous_7)","line":36,"loc":{"start":{"line":36,"column":90},"end":{"line":36,"column":101}}},"8":{"name":"(anonymous_8)","line":37,"loc":{"start":{"line":37,"column":35},"end":{"line":37,"column":55}}},"9":{"name":"(anonymous_9)","line":47,"loc":{"start":{"line":47,"column":95},"end":{"line":47,"column":106}}},"10":{"name":"(anonymous_10)","line":48,"loc":{"start":{"line":48,"column":35},"end":{"line":48,"column":55}}},"11":{"name":"(anonymous_11)","line":59,"loc":{"start":{"line":59,"column":25},"end":{"line":59,"column":36}}},"12":{"name":"(anonymous_12)","line":64,"loc":{"start":{"line":64,"column":66},"end":{"line":64,"column":77}}},"13":{"name":"(anonymous_13)","line":65,"loc":{"start":{"line":65,"column":33},"end":{"line":65,"column":47}}},"14":{"name":"(anonymous_14)","line":74,"loc":{"start":{"line":74,"column":72},"end":{"line":74,"column":83}}},"15":{"name":"(anonymous_15)","line":75,"loc":{"start":{"line":75,"column":33},"end":{"line":75,"column":47}}},"16":{"name":"(anonymous_16)","line":86,"loc":{"start":{"line":86,"column":24},"end":{"line":86,"column":35}}},"17":{"name":"(anonymous_17)","line":91,"loc":{"start":{"line":91,"column":66},"end":{"line":91,"column":77}}},"18":{"name":"(anonymous_18)","line":92,"loc":{"start":{"line":92,"column":42},"end":{"line":92,"column":62}}},"19":{"name":"(anonymous_19)","line":101,"loc":{"start":{"line":101,"column":72},"end":{"line":101,"column":83}}},"20":{"name":"(anonymous_20)","line":102,"loc":{"start":{"line":102,"column":42},"end":{"line":102,"column":62}}},"21":{"name":"(anonymous_21)","line":111,"loc":{"start":{"line":111,"column":25},"end":{"line":111,"column":36}}},"22":{"name":"(anonymous_22)","line":113,"loc":{"start":{"line":113,"column":45},"end":{"line":113,"column":56}}},"23":{"name":"(anonymous_23)","line":114,"loc":{"start":{"line":114,"column":38},"end":{"line":114,"column":52}}},"24":{"name":"(anonymous_24)","line":123,"loc":{"start":{"line":123,"column":51},"end":{"line":123,"column":62}}},"25":{"name":"(anonymous_25)","line":124,"loc":{"start":{"line":124,"column":38},"end":{"line":124,"column":52}}},"26":{"name":"(anonymous_26)","line":133,"loc":{"start":{"line":133,"column":27},"end":{"line":133,"column":38}}},"27":{"name":"(anonymous_27)","line":141,"loc":{"start":{"line":141,"column":58},"end":{"line":141,"column":69}}},"28":{"name":"(anonymous_28)","line":142,"loc":{"start":{"line":142,"column":39},"end":{"line":142,"column":53}}},"29":{"name":"(anonymous_29)","line":150,"loc":{"start":{"line":150,"column":64},"end":{"line":150,"column":75}}},"30":{"name":"(anonymous_30)","line":151,"loc":{"start":{"line":151,"column":39},"end":{"line":151,"column":53}}},"31":{"name":"(anonymous_31)","line":160,"loc":{"start":{"line":160,"column":34},"end":{"line":160,"column":45}}},"32":{"name":"(anonymous_32)","line":162,"loc":{"start":{"line":162,"column":48},"end":{"line":162,"column":59}}},"33":{"name":"(anonymous_33)","line":163,"loc":{"start":{"line":163,"column":46},"end":{"line":163,"column":66}}},"34":{"name":"(anonymous_34)","line":171,"loc":{"start":{"line":171,"column":54},"end":{"line":171,"column":65}}},"35":{"name":"(anonymous_35)","line":172,"loc":{"start":{"line":172,"column":46},"end":{"line":172,"column":66}}}},"statementMap":{"1":{"start":{"line":1,"column":0},"end":{"line":1,"column":45}},"2":{"start":{"line":2,"column":0},"end":{"line":2,"column":44}},"3":{"start":{"line":3,"column":0},"end":{"line":24,"column":3}},"4":{"start":{"line":5,"column":4},"end":{"line":13,"column":7}},"5":{"start":{"line":6,"column":8},"end":{"line":12,"column":11}},"6":{"start":{"line":7,"column":12},"end":{"line":11,"column":13}},"7":{"start":{"line":8,"column":16},"end":{"line":8,"column":41}},"8":{"start":{"line":10,"column":16},"end":{"line":10,"column":42}},"9":{"start":{"line":15,"column":4},"end":{"line":23,"column":7}},"10":{"start":{"line":16,"column":8},"end":{"line":22,"column":11}},"11":{"start":{"line":17,"column":12},"end":{"line":21,"column":13}},"12":{"start":{"line":18,"column":16},"end":{"line":18,"column":41}},"13":{"start":{"line":20,"column":16},"end":{"line":20,"column":42}},"14":{"start":{"line":26,"column":0},"end":{"line":56,"column":3}},"15":{"start":{"line":28,"column":4},"end":{"line":35,"column":5}},"16":{"start":{"line":36,"column":4},"end":{"line":44,"column":7}},"17":{"start":{"line":37,"column":8},"end":{"line":43,"column":11}},"18":{"start":{"line":38,"column":12},"end":{"line":42,"column":13}},"19":{"start":{"line":39,"column":16},"end":{"line":39,"column":41}},"20":{"start":{"line":41,"column":16},"end":{"line":41,"column":42}},"21":{"start":{"line":46,"column":4},"end":{"line":46,"column":26}},"22":{"start":{"line":47,"column":4},"end":{"line":55,"column":7}},"23":{"start":{"line":48,"column":8},"end":{"line":54,"column":11}},"24":{"start":{"line":49,"column":12},"end":{"line":53,"column":13}},"25":{"start":{"line":50,"column":16},"end":{"line":50,"column":41}},"26":{"start":{"line":52,"column":16},"end":{"line":52,"column":42}},"27":{"start":{"line":59,"column":0},"end":{"line":83,"column":3}},"28":{"start":{"line":60,"column":4},"end":{"line":63,"column":6}},"29":{"start":{"line":64,"column":4},"end":{"line":71,"column":7}},"30":{"start":{"line":65,"column":8},"end":{"line":70,"column":11}},"31":{"start":{"line":66,"column":12},"end":{"line":69,"column":43}},"32":{"start":{"line":67,"column":16},"end":{"line":67,"column":42}},"33":{"start":{"line":69,"column":16},"end":{"line":69,"column":43}},"34":{"start":{"line":73,"column":4},"end":{"line":73,"column":33}},"35":{"start":{"line":74,"column":4},"end":{"line":81,"column":7}},"36":{"start":{"line":75,"column":8},"end":{"line":80,"column":11}},"37":{"start":{"line":76,"column":12},"end":{"line":79,"column":43}},"38":{"start":{"line":77,"column":16},"end":{"line":77,"column":42}},"39":{"start":{"line":79,"column":16},"end":{"line":79,"column":43}},"40":{"start":{"line":86,"column":0},"end":{"line":109,"column":3}},"41":{"start":{"line":87,"column":4},"end":{"line":90,"column":6}},"42":{"start":{"line":91,"column":4},"end":{"line":98,"column":7}},"43":{"start":{"line":92,"column":8},"end":{"line":97,"column":11}},"44":{"start":{"line":93,"column":12},"end":{"line":96,"column":43}},"45":{"start":{"line":94,"column":16},"end":{"line":94,"column":42}},"46":{"start":{"line":96,"column":16},"end":{"line":96,"column":43}},"47":{"start":{"line":100,"column":4},"end":{"line":100,"column":33}},"48":{"start":{"line":101,"column":4},"end":{"line":108,"column":7}},"49":{"start":{"line":102,"column":8},"end":{"line":107,"column":11}},"50":{"start":{"line":103,"column":12},"end":{"line":106,"column":43}},"51":{"start":{"line":104,"column":16},"end":{"line":104,"column":42}},"52":{"start":{"line":106,"column":16},"end":{"line":106,"column":43}},"53":{"start":{"line":111,"column":0},"end":{"line":131,"column":3}},"54":{"start":{"line":112,"column":4},"end":{"line":112,"column":35}},"55":{"start":{"line":113,"column":4},"end":{"line":120,"column":7}},"56":{"start":{"line":114,"column":8},"end":{"line":119,"column":11}},"57":{"start":{"line":115,"column":12},"end":{"line":118,"column":43}},"58":{"start":{"line":116,"column":16},"end":{"line":116,"column":42}},"59":{"start":{"line":118,"column":16},"end":{"line":118,"column":43}},"60":{"start":{"line":122,"column":4},"end":{"line":122,"column":26}},"61":{"start":{"line":123,"column":4},"end":{"line":130,"column":7}},"62":{"start":{"line":124,"column":8},"end":{"line":129,"column":11}},"63":{"start":{"line":125,"column":12},"end":{"line":128,"column":43}},"64":{"start":{"line":126,"column":16},"end":{"line":126,"column":42}},"65":{"start":{"line":128,"column":16},"end":{"line":128,"column":43}},"66":{"start":{"line":133,"column":0},"end":{"line":158,"column":3}},"67":{"start":{"line":134,"column":4},"end":{"line":140,"column":6}},"68":{"start":{"line":141,"column":4},"end":{"line":148,"column":7}},"69":{"start":{"line":142,"column":8},"end":{"line":147,"column":11}},"70":{"start":{"line":143,"column":12},"end":{"line":146,"column":43}},"71":{"start":{"line":144,"column":16},"end":{"line":144,"column":42}},"72":{"start":{"line":146,"column":16},"end":{"line":146,"column":43}},"73":{"start":{"line":149,"column":4},"end":{"line":149,"column":30}},"74":{"start":{"line":150,"column":4},"end":{"line":157,"column":7}},"75":{"start":{"line":151,"column":8},"end":{"line":156,"column":11}},"76":{"start":{"line":152,"column":12},"end":{"line":155,"column":43}},"77":{"start":{"line":153,"column":16},"end":{"line":153,"column":42}},"78":{"start":{"line":155,"column":16},"end":{"line":155,"column":43}},"79":{"start":{"line":160,"column":0},"end":{"line":179,"column":3}},"80":{"start":{"line":161,"column":4},"end":{"line":161,"column":35}},"81":{"start":{"line":162,"column":4},"end":{"line":169,"column":7}},"82":{"start":{"line":163,"column":8},"end":{"line":168,"column":11}},"83":{"start":{"line":164,"column":12},"end":{"line":167,"column":43}},"84":{"start":{"line":165,"column":16},"end":{"line":165,"column":42}},"85":{"start":{"line":167,"column":16},"end":{"line":167,"column":43}},"86":{"start":{"line":170,"column":4},"end":{"line":170,"column":25}},"87":{"start":{"line":171,"column":4},"end":{"line":178,"column":7}},"88":{"start":{"line":172,"column":8},"end":{"line":177,"column":11}},"89":{"start":{"line":173,"column":12},"end":{"line":176,"column":43}},"90":{"start":{"line":174,"column":16},"end":{"line":174,"column":42}},"91":{"start":{"line":176,"column":16},"end":{"line":176,"column":43}}},"branchMap":{"1":{"line":7,"type":"if","locations":[{"start":{"line":7,"column":12},"end":{"line":7,"column":12}},{"start":{"line":7,"column":12},"end":{"line":7,"column":12}}]},"2":{"line":17,"type":"if","locations":[{"start":{"line":17,"column":12},"end":{"line":17,"column":12}},{"start":{"line":17,"column":12},"end":{"line":17,"column":12}}]},"3":{"line":38,"type":"if","locations":[{"start":{"line":38,"column":12},"end":{"line":38,"column":12}},{"start":{"line":38,"column":12},"end":{"line":38,"column":12}}]},"4":{"line":49,"type":"if","locations":[{"start":{"line":49,"column":12},"end":{"line":49,"column":12}},{"start":{"line":49,"column":12},"end":{"line":49,"column":12}}]},"5":{"line":66,"type":"if","locations":[{"start":{"line":66,"column":12},"end":{"line":66,"column":12}},{"start":{"line":66,"column":12},"end":{"line":66,"column":12}}]},"6":{"line":76,"type":"if","locations":[{"start":{"line":76,"column":12},"end":{"line":76,"column":12}},{"start":{"line":76,"column":12},"end":{"line":76,"column":12}}]},"7":{"line":93,"type":"if","locations":[{"start":{"line":93,"column":12},"end":{"line":93,"column":12}},{"start":{"line":93,"column":12},"end":{"line":93,"column":12}}]},"8":{"line":103,"type":"if","locations":[{"start":{"line":103,"column":12},"end":{"line":103,"column":12}},{"start":{"line":103,"column":12},"end":{"line":103,"column":12}}]},"9":{"line":115,"type":"if","locations":[{"start":{"line":115,"column":12},"end":{"line":115,"column":12}},{"start":{"line":115,"column":12},"end":{"line":115,"column":12}}]},"10":{"line":125,"type":"if","locations":[{"start":{"line":125,"column":12},"end":{"line":125,"column":12}},{"start":{"line":125,"column":12},"end":{"line":125,"column":12}}]},"11":{"line":143,"type":"if","locations":[{"start":{"line":143,"column":12},"end":{"line":143,"column":12}},{"start":{"line":143,"column":12},"end":{"line":143,"column":12}}]},"12":{"line":152,"type":"if","locations":[{"start":{"line":152,"column":12},"end":{"line":152,"column":12}},{"start":{"line":152,"column":12},"end":{"line":152,"column":12}}]},"13":{"line":164,"type":"if","locations":[{"start":{"line":164,"column":12},"end":{"line":164,"column":12}},{"start":{"line":164,"column":12},"end":{"line":164,"column":12}}]},"14":{"line":173,"type":"if","locations":[{"start":{"line":173,"column":12},"end":{"line":173,"column":12}},{"start":{"line":173,"column":12},"end":{"line":173,"column":12}}]}}},"/mnt/c/Users/mayoor shardha/Desktop/SD-Assignment1/spec/unit/email.spec.js":{"path":"/mnt/c/Users/mayoor shardha/Desktop/SD-Assignment1/spec/unit/email.spec.js","s":{"1":1,"2":1,"3":1,"4":1,"5":1,"6":1,"7":1,"8":1,"9":1,"10":1,"11":1},"b":{},"f":{"1":1,"2":1,"3":1},"fnMap":{"1":{"name":"(anonymous_1)","line":3,"loc":{"start":{"line":3,"column":38},"end":{"line":3,"column":49}}},"2":{"name":"(anonymous_2)","line":6,"loc":{"start":{"line":6,"column":61},"end":{"line":6,"column":72}}},"3":{"name":"(anonymous_3)","line":13,"loc":{"start":{"line":13,"column":58},"end":{"line":13,"column":69}}}},"statementMap":{"1":{"start":{"line":1,"column":0},"end":{"line":1,"column":57}},"2":{"start":{"line":3,"column":0},"end":{"line":19,"column":3}},"3":{"start":{"line":4,"column":4},"end":{"line":4,"column":13}},"4":{"start":{"line":6,"column":4},"end":{"line":11,"column":7}},"5":{"start":{"line":7,"column":8},"end":{"line":7,"column":25}},"6":{"start":{"line":8,"column":8},"end":{"line":8,"column":53}},"7":{"start":{"line":10,"column":8},"end":{"line":10,"column":37}},"8":{"start":{"line":13,"column":4},"end":{"line":18,"column":7}},"9":{"start":{"line":14,"column":8},"end":{"line":14,"column":21}},"10":{"start":{"line":15,"column":8},"end":{"line":15,"column":53}},"11":{"start":{"line":17,"column":8},"end":{"line":17,"column":38}}},"branchMap":{}},"/mnt/c/Users/mayoor shardha/Desktop/SD-Assignment1/spec/unit/registerProfile.spec.js":{"path":"/mnt/c/Users/mayoor shardha/Desktop/SD-Assignment1/spec/unit/registerProfile.spec.js","s":{"1":1,"2":1,"3":1,"4":1,"5":1,"6":1,"7":1,"8":1,"9":1,"10":1,"11":1,"12":1,"13":1,"14":1,"15":1,"16":1,"17":1,"18":1,"19":1,"20":1,"21":1,"22":1,"23":1,"24":1,"25":1,"26":1,"27":1,"28":1,"29":1,"30":1,"31":1,"32":1,"33":1,"34":1,"35":1,"36":1,"37":1,"38":1,"39":1,"40":1,"41":1,"42":1,"43":1,"44":1,"45":1,"46":1,"47":1,"48":1,"49":1,"50":1,"51":1,"52":1,"53":1,"54":1,"55":1,"56":1,"57":1,"58":1,"59":1,"60":1,"61":1,"62":1,"63":1,"64":1,"65":1,"66":1,"67":1,"68":1,"69":1,"70":1,"71":1,"72":1,"73":1,"74":1,"75":1,"76":1,"77":1,"78":1,"79":1,"80":1,"81":1,"82":1,"83":1,"84":1,"85":1,"86":1,"87":1,"88":1,"89":1,"90":1,"91":1},"b":{},"f":{"1":1,"2":1,"3":1,"4":1,"5":1,"6":1,"7":1,"8":1,"9":1,"10":1,"11":1,"12":1,"13":1,"14":1},"fnMap":{"1":{"name":"(anonymous_1)","line":3,"loc":{"start":{"line":3,"column":52},"end":{"line":3,"column":63}}},"2":{"name":"(anonymous_2)","line":13,"loc":{"start":{"line":13,"column":98},"end":{"line":13,"column":109}}},"3":{"name":"(anonymous_3)","line":18,"loc":{"start":{"line":18,"column":98},"end":{"line":18,"column":109}}},"4":{"name":"(anonymous_4)","line":26,"loc":{"start":{"line":26,"column":113},"end":{"line":26,"column":124}}},"5":{"name":"(anonymous_5)","line":32,"loc":{"start":{"line":32,"column":113},"end":{"line":32,"column":124}}},"6":{"name":"(anonymous_6)","line":39,"loc":{"start":{"line":39,"column":113},"end":{"line":39,"column":124}}},"7":{"name":"(anonymous_7)","line":47,"loc":{"start":{"line":47,"column":89},"end":{"line":47,"column":100}}},"8":{"name":"(anonymous_8)","line":56,"loc":{"start":{"line":56,"column":89},"end":{"line":56,"column":100}}},"9":{"name":"(anonymous_9)","line":65,"loc":{"start":{"line":65,"column":68},"end":{"line":65,"column":79}}},"10":{"name":"(anonymous_10)","line":75,"loc":{"start":{"line":75,"column":68},"end":{"line":75,"column":79}}},"11":{"name":"(anonymous_11)","line":85,"loc":{"start":{"line":85,"column":77},"end":{"line":85,"column":88}}},"12":{"name":"(anonymous_12)","line":96,"loc":{"start":{"line":96,"column":77},"end":{"line":96,"column":88}}},"13":{"name":"(anonymous_13)","line":107,"loc":{"start":{"line":107,"column":77},"end":{"line":107,"column":88}}},"14":{"name":"(anonymous_14)","line":119,"loc":{"start":{"line":119,"column":60},"end":{"line":119,"column":71}}}},"statementMap":{"1":{"start":{"line":1,"column":0},"end":{"line":1,"column":67}},"2":{"start":{"line":3,"column":0},"end":{"line":130,"column":3}},"3":{"start":{"line":4,"column":4},"end":{"line":11,"column":6}},"4":{"start":{"line":13,"column":4},"end":{"line":16,"column":7}},"5":{"start":{"line":14,"column":8},"end":{"line":14,"column":78}},"6":{"start":{"line":15,"column":8},"end":{"line":15,"column":88}},"7":{"start":{"line":18,"column":4},"end":{"line":23,"column":7}},"8":{"start":{"line":19,"column":8},"end":{"line":19,"column":138}},"9":{"start":{"line":20,"column":8},"end":{"line":20,"column":78}},"10":{"start":{"line":22,"column":8},"end":{"line":22,"column":88}},"11":{"start":{"line":26,"column":4},"end":{"line":30,"column":7}},"12":{"start":{"line":27,"column":8},"end":{"line":27,"column":35}},"13":{"start":{"line":28,"column":8},"end":{"line":28,"column":78}},"14":{"start":{"line":29,"column":8},"end":{"line":29,"column":95}},"15":{"start":{"line":32,"column":4},"end":{"line":37,"column":7}},"16":{"start":{"line":33,"column":8},"end":{"line":33,"column":35}},"17":{"start":{"line":34,"column":8},"end":{"line":34,"column":142}},"18":{"start":{"line":35,"column":8},"end":{"line":35,"column":78}},"19":{"start":{"line":36,"column":8},"end":{"line":36,"column":95}},"20":{"start":{"line":39,"column":4},"end":{"line":45,"column":7}},"21":{"start":{"line":40,"column":8},"end":{"line":40,"column":35}},"22":{"start":{"line":41,"column":8},"end":{"line":41,"column":35}},"23":{"start":{"line":42,"column":8},"end":{"line":42,"column":142}},"24":{"start":{"line":43,"column":8},"end":{"line":43,"column":78}},"25":{"start":{"line":44,"column":8},"end":{"line":44,"column":95}},"26":{"start":{"line":47,"column":4},"end":{"line":54,"column":7}},"27":{"start":{"line":48,"column":8},"end":{"line":48,"column":35}},"28":{"start":{"line":49,"column":8},"end":{"line":49,"column":35}},"29":{"start":{"line":50,"column":8},"end":{"line":50,"column":35}},"30":{"start":{"line":51,"column":8},"end":{"line":51,"column":28}},"31":{"start":{"line":52,"column":8},"end":{"line":52,"column":78}},"32":{"start":{"line":53,"column":8},"end":{"line":53,"column":83}},"33":{"start":{"line":56,"column":4},"end":{"line":63,"column":7}},"34":{"start":{"line":57,"column":8},"end":{"line":57,"column":35}},"35":{"start":{"line":58,"column":8},"end":{"line":58,"column":35}},"36":{"start":{"line":59,"column":8},"end":{"line":59,"column":35}},"37":{"start":{"line":60,"column":8},"end":{"line":60,"column":174}},"38":{"start":{"line":61,"column":8},"end":{"line":61,"column":78}},"39":{"start":{"line":62,"column":8},"end":{"line":62,"column":83}},"40":{"start":{"line":65,"column":4},"end":{"line":73,"column":7}},"41":{"start":{"line":66,"column":8},"end":{"line":66,"column":35}},"42":{"start":{"line":67,"column":8},"end":{"line":67,"column":35}},"43":{"start":{"line":68,"column":8},"end":{"line":68,"column":35}},"44":{"start":{"line":69,"column":8},"end":{"line":69,"column":31}},"45":{"start":{"line":70,"column":8},"end":{"line":70,"column":29}},"46":{"start":{"line":71,"column":8},"end":{"line":71,"column":78}},"47":{"start":{"line":72,"column":8},"end":{"line":72,"column":61}},"48":{"start":{"line":75,"column":4},"end":{"line":83,"column":7}},"49":{"start":{"line":76,"column":8},"end":{"line":76,"column":35}},"50":{"start":{"line":77,"column":8},"end":{"line":77,"column":35}},"51":{"start":{"line":78,"column":8},"end":{"line":78,"column":35}},"52":{"start":{"line":79,"column":8},"end":{"line":79,"column":31}},"53":{"start":{"line":80,"column":8},"end":{"line":80,"column":32}},"54":{"start":{"line":81,"column":8},"end":{"line":81,"column":78}},"55":{"start":{"line":82,"column":8},"end":{"line":82,"column":61}},"56":{"start":{"line":85,"column":4},"end":{"line":94,"column":7}},"57":{"start":{"line":86,"column":8},"end":{"line":86,"column":35}},"58":{"start":{"line":87,"column":8},"end":{"line":87,"column":35}},"59":{"start":{"line":88,"column":8},"end":{"line":88,"column":35}},"60":{"start":{"line":89,"column":8},"end":{"line":89,"column":31}},"61":{"start":{"line":90,"column":8},"end":{"line":90,"column":31}},"62":{"start":{"line":91,"column":8},"end":{"line":91,"column":31}},"63":{"start":{"line":92,"column":8},"end":{"line":92,"column":78}},"64":{"start":{"line":93,"column":8},"end":{"line":93,"column":87}},"65":{"start":{"line":96,"column":4},"end":{"line":105,"column":7}},"66":{"start":{"line":97,"column":8},"end":{"line":97,"column":35}},"67":{"start":{"line":98,"column":8},"end":{"line":98,"column":35}},"68":{"start":{"line":99,"column":8},"end":{"line":99,"column":35}},"69":{"start":{"line":100,"column":8},"end":{"line":100,"column":31}},"70":{"start":{"line":101,"column":8},"end":{"line":101,"column":31}},"71":{"start":{"line":102,"column":8},"end":{"line":102,"column":33}},"72":{"start":{"line":103,"column":8},"end":{"line":103,"column":78}},"73":{"start":{"line":104,"column":8},"end":{"line":104,"column":87}},"74":{"start":{"line":107,"column":4},"end":{"line":116,"column":7}},"75":{"start":{"line":108,"column":8},"end":{"line":108,"column":35}},"76":{"start":{"line":109,"column":8},"end":{"line":109,"column":35}},"77":{"start":{"line":110,"column":8},"end":{"line":110,"column":35}},"78":{"start":{"line":111,"column":8},"end":{"line":111,"column":31}},"79":{"start":{"line":112,"column":8},"end":{"line":112,"column":31}},"80":{"start":{"line":113,"column":8},"end":{"line":113,"column":57}},"81":{"start":{"line":114,"column":8},"end":{"line":114,"column":78}},"82":{"start":{"line":115,"column":8},"end":{"line":115,"column":87}},"83":{"start":{"line":119,"column":4},"end":{"line":128,"column":7}},"84":{"start":{"line":120,"column":8},"end":{"line":120,"column":35}},"85":{"start":{"line":121,"column":8},"end":{"line":121,"column":35}},"86":{"start":{"line":122,"column":8},"end":{"line":122,"column":35}},"87":{"start":{"line":123,"column":8},"end":{"line":123,"column":31}},"88":{"start":{"line":124,"column":8},"end":{"line":124,"column":31}},"89":{"start":{"line":125,"column":8},"end":{"line":125,"column":37}},"90":{"start":{"line":126,"column":8},"end":{"line":126,"column":78}},"91":{"start":{"line":127,"column":8},"end":{"line":127,"column":39}}},"branchMap":{}},"/mnt/c/Users/mayoor shardha/Desktop/SD-Assignment1/spec/unit/requestQuote.spec.js":{"path":"/mnt/c/Users/mayoor shardha/Desktop/SD-Assignment1/spec/unit/requestQuote.spec.js","s":{"1":1,"2":1,"3":1,"4":1,"5":1,"6":1,"7":1,"8":1,"9":1,"10":1,"11":1,"12":1,"13":1,"14":1,"15":1,"16":1,"17":1,"18":1,"19":1,"20":1,"21":1,"22":1,"23":1},"b":{},"f":{"1":1,"2":1,"3":1,"4":1,"5":1},"fnMap":{"1":{"name":"(anonymous_1)","line":2,"loc":{"start":{"line":2,"column":52},"end":{"line":2,"column":63}}},"2":{"name":"(anonymous_2)","line":8,"loc":{"start":{"line":8,"column":47},"end":{"line":8,"column":58}}},"3":{"name":"(anonymous_3)","line":15,"loc":{"start":{"line":15,"column":47},"end":{"line":15,"column":58}}},"4":{"name":"(anonymous_4)","line":22,"loc":{"start":{"line":22,"column":47},"end":{"line":22,"column":58}}},"5":{"name":"(anonymous_5)","line":29,"loc":{"start":{"line":29,"column":47},"end":{"line":29,"column":58}}}},"statementMap":{"1":{"start":{"line":1,"column":0},"end":{"line":1,"column":72}},"2":{"start":{"line":2,"column":0},"end":{"line":36,"column":3}},"3":{"start":{"line":3,"column":4},"end":{"line":6,"column":6}},"4":{"start":{"line":8,"column":4},"end":{"line":13,"column":7}},"5":{"start":{"line":9,"column":8},"end":{"line":9,"column":31}},"6":{"start":{"line":10,"column":8},"end":{"line":10,"column":46}},"7":{"start":{"line":11,"column":8},"end":{"line":11,"column":112}},"8":{"start":{"line":12,"column":8},"end":{"line":12,"column":38}},"9":{"start":{"line":15,"column":4},"end":{"line":20,"column":7}},"10":{"start":{"line":16,"column":8},"end":{"line":16,"column":32}},"11":{"start":{"line":17,"column":8},"end":{"line":17,"column":46}},"12":{"start":{"line":18,"column":8},"end":{"line":18,"column":112}},"13":{"start":{"line":19,"column":8},"end":{"line":19,"column":38}},"14":{"start":{"line":22,"column":4},"end":{"line":27,"column":7}},"15":{"start":{"line":23,"column":8},"end":{"line":23,"column":31}},"16":{"start":{"line":24,"column":8},"end":{"line":24,"column":36}},"17":{"start":{"line":25,"column":8},"end":{"line":25,"column":112}},"18":{"start":{"line":26,"column":8},"end":{"line":26,"column":38}},"19":{"start":{"line":29,"column":4},"end":{"line":34,"column":7}},"20":{"start":{"line":30,"column":8},"end":{"line":30,"column":31}},"21":{"start":{"line":31,"column":8},"end":{"line":31,"column":46}},"22":{"start":{"line":32,"column":8},"end":{"line":32,"column":112}},"23":{"start":{"line":33,"column":8},"end":{"line":33,"column":37}}},"branchMap":{}}}