{"/mnt/c/Users/mayoor shardha/Desktop/SD-Assignment1/spec/specs.js":{"path":"/mnt/c/Users/mayoor shardha/Desktop/SD-Assignment1/spec/specs.js","s":{"1":1,"2":1,"3":1,"4":1,"5":1,"6":1,"7":1,"8":1},"b":{},"f":{},"fnMap":{},"statementMap":{"1":{"start":{"line":1,"column":0},"end":{"line":1,"column":35}},"2":{"start":{"line":2,"column":0},"end":{"line":2,"column":67}},"3":{"start":{"line":3,"column":0},"end":{"line":3,"column":30}},"4":{"start":{"line":4,"column":0},"end":{"line":10,"column":3}},"5":{"start":{"line":11,"column":0},"end":{"line":11,"column":30}},"6":{"start":{"line":12,"column":0},"end":{"line":12,"column":25}},"7":{"start":{"line":13,"column":0},"end":{"line":13,"column":44}},"8":{"start":{"line":14,"column":0},"end":{"line":14,"column":18}}},"branchMap":{}},"/mnt/c/Users/mayoor shardha/Desktop/SD-Assignment1/spec/app.spec.js":{"path":"/mnt/c/Users/mayoor shardha/Desktop/SD-Assignment1/spec/app.spec.js","s":{"1":1,"2":1,"3":1,"4":1,"5":1,"6":1,"7":1,"8":1,"9":1,"10":1,"11":1,"12":1,"13":1,"14":1,"15":1,"16":1,"17":1,"18":1,"19":1,"20":1,"21":1,"22":1,"23":1,"24":1,"25":1,"26":1,"27":1,"28":1,"29":1,"30":1,"31":1,"32":1,"33":1,"34":1,"35":1,"36":1,"37":1,"38":1,"39":1,"40":1,"41":1,"42":1},"b":{},"f":{"1":1,"2":1,"3":1,"4":1,"5":1,"6":1,"7":1,"8":1,"9":1,"10":1,"11":1,"12":1,"13":1,"14":1},"fnMap":{"1":{"name":"(anonymous_1)","line":4,"loc":{"start":{"line":4,"column":26},"end":{"line":4,"column":37}}},"2":{"name":"(anonymous_2)","line":6,"loc":{"start":{"line":6,"column":66},"end":{"line":6,"column":81}}},"3":{"name":"(anonymous_3)","line":14,"loc":{"start":{"line":14,"column":58},"end":{"line":14,"column":73}}},"4":{"name":"(anonymous_4)","line":21,"loc":{"start":{"line":21,"column":59},"end":{"line":21,"column":74}}},"5":{"name":"(anonymous_5)","line":29,"loc":{"start":{"line":29,"column":60},"end":{"line":29,"column":75}}},"6":{"name":"(anonymous_6)","line":37,"loc":{"start":{"line":37,"column":60},"end":{"line":37,"column":75}}},"7":{"name":"(anonymous_7)","line":45,"loc":{"start":{"line":45,"column":60},"end":{"line":45,"column":75}}},"8":{"name":"(anonymous_8)","line":53,"loc":{"start":{"line":53,"column":61},"end":{"line":53,"column":76}}},"9":{"name":"(anonymous_9)","line":60,"loc":{"start":{"line":60,"column":69},"end":{"line":60,"column":84}}},"10":{"name":"(anonymous_10)","line":67,"loc":{"start":{"line":67,"column":70},"end":{"line":67,"column":85}}},"11":{"name":"(anonymous_11)","line":74,"loc":{"start":{"line":74,"column":66},"end":{"line":74,"column":81}}},"12":{"name":"(anonymous_12)","line":81,"loc":{"start":{"line":81,"column":67},"end":{"line":81,"column":82}}},"13":{"name":"(anonymous_13)","line":88,"loc":{"start":{"line":88,"column":62},"end":{"line":88,"column":77}}},"14":{"name":"(anonymous_14)","line":95,"loc":{"start":{"line":95,"column":55},"end":{"line":95,"column":70}}}},"statementMap":{"1":{"start":{"line":1,"column":0},"end":{"line":1,"column":31}},"2":{"start":{"line":2,"column":0},"end":{"line":2,"column":37}},"3":{"start":{"line":4,"column":0},"end":{"line":101,"column":3}},"4":{"start":{"line":6,"column":4},"end":{"line":11,"column":7}},"5":{"start":{"line":7,"column":8},"end":{"line":7,"column":36}},"6":{"start":{"line":8,"column":8},"end":{"line":10,"column":31}},"7":{"start":{"line":14,"column":4},"end":{"line":19,"column":7}},"8":{"start":{"line":15,"column":8},"end":{"line":15,"column":36}},"9":{"start":{"line":16,"column":8},"end":{"line":18,"column":31}},"10":{"start":{"line":21,"column":4},"end":{"line":26,"column":7}},"11":{"start":{"line":22,"column":8},"end":{"line":22,"column":36}},"12":{"start":{"line":23,"column":8},"end":{"line":25,"column":31}},"13":{"start":{"line":29,"column":4},"end":{"line":34,"column":7}},"14":{"start":{"line":30,"column":8},"end":{"line":30,"column":36}},"15":{"start":{"line":31,"column":8},"end":{"line":33,"column":31}},"16":{"start":{"line":37,"column":4},"end":{"line":42,"column":7}},"17":{"start":{"line":38,"column":8},"end":{"line":38,"column":36}},"18":{"start":{"line":39,"column":8},"end":{"line":41,"column":31}},"19":{"start":{"line":45,"column":4},"end":{"line":50,"column":7}},"20":{"start":{"line":46,"column":8},"end":{"line":46,"column":36}},"21":{"start":{"line":47,"column":8},"end":{"line":49,"column":31}},"22":{"start":{"line":53,"column":4},"end":{"line":58,"column":7}},"23":{"start":{"line":54,"column":8},"end":{"line":54,"column":36}},"24":{"start":{"line":55,"column":8},"end":{"line":57,"column":31}},"25":{"start":{"line":60,"column":4},"end":{"line":65,"column":7}},"26":{"start":{"line":61,"column":8},"end":{"line":61,"column":36}},"27":{"start":{"line":62,"column":8},"end":{"line":64,"column":31}},"28":{"start":{"line":67,"column":4},"end":{"line":72,"column":7}},"29":{"start":{"line":68,"column":8},"end":{"line":68,"column":36}},"30":{"start":{"line":69,"column":8},"end":{"line":71,"column":31}},"31":{"start":{"line":74,"column":4},"end":{"line":79,"column":7}},"32":{"start":{"line":75,"column":8},"end":{"line":75,"column":36}},"33":{"start":{"line":76,"column":8},"end":{"line":78,"column":31}},"34":{"start":{"line":81,"column":4},"end":{"line":86,"column":7}},"35":{"start":{"line":82,"column":8},"end":{"line":82,"column":36}},"36":{"start":{"line":83,"column":8},"end":{"line":85,"column":31}},"37":{"start":{"line":88,"column":4},"end":{"line":93,"column":7}},"38":{"start":{"line":89,"column":8},"end":{"line":89,"column":36}},"39":{"start":{"line":90,"column":8},"end":{"line":92,"column":31}},"40":{"start":{"line":95,"column":4},"end":{"line":100,"column":7}},"41":{"start":{"line":96,"column":8},"end":{"line":96,"column":36}},"42":{"start":{"line":97,"column":8},"end":{"line":99,"column":31}}},"branchMap":{}},"/mnt/c/Users/mayoor shardha/Desktop/SD-Assignment1/app.js":{"path":"/mnt/c/Users/mayoor shardha/Desktop/SD-Assignment1/app.js","s":{"1":1,"2":1,"3":1,"4":1,"5":1,"6":1,"7":1,"8":1,"9":1,"10":1,"11":1,"12":1,"13":1,"14":1,"15":1,"16":1,"17":0,"18":0,"19":0,"20":0,"21":1,"22":1,"23":1,"24":0,"25":0,"26":0,"27":1,"28":1,"29":0,"30":1,"31":1,"32":1,"33":1,"34":1,"35":1,"36":0,"37":0,"38":0,"39":1,"40":1,"41":1,"42":0,"43":0,"44":1,"45":1,"46":0,"47":1,"48":1,"49":1,"50":0,"51":0,"52":0,"53":1,"54":1,"55":1,"56":0,"57":1,"58":1,"59":1,"60":1,"61":0,"62":0,"63":0,"64":0,"65":1,"66":1,"67":1,"68":1,"69":1,"70":1,"71":1,"72":1,"73":1,"74":1,"75":1,"76":1,"77":1,"78":1,"79":1,"80":1,"81":1,"82":0,"83":1,"84":1,"85":1,"86":1,"87":1,"88":1,"89":0,"90":1,"91":1,"92":1},"b":{"1":[1,1],"2":[1,0],"3":[0,0],"4":[0,1],"5":[0,1],"6":[1,0],"7":[1,0],"8":[0,0],"9":[1,0],"10":[0,1],"11":[0,0],"12":[1,0],"13":[0,0],"14":[1,0],"15":[1,0],"16":[0,1]},"f":{"1":0,"2":1,"3":1,"4":1,"5":1,"6":0,"7":1,"8":1,"9":1,"10":1,"11":1,"12":1,"13":1,"14":1,"15":0},"fnMap":{"1":{"name":"user","line":26,"loc":{"start":{"line":26,"column":0},"end":{"line":26,"column":74}}},"2":{"name":"(anonymous_2)","line":35,"loc":{"start":{"line":35,"column":13},"end":{"line":35,"column":32}}},"3":{"name":"(anonymous_3)","line":45,"loc":{"start":{"line":45,"column":18},"end":{"line":45,"column":37}}},"4":{"name":"(anonymous_4)","line":52,"loc":{"start":{"line":52,"column":19},"end":{"line":52,"column":38}}},"5":{"name":"(anonymous_5)","line":86,"loc":{"start":{"line":86,"column":19},"end":{"line":86,"column":38}}},"6":{"name":"(anonymous_6)","line":90,"loc":{"start":{"line":90,"column":28},"end":{"line":90,"column":39}}},"7":{"name":"(anonymous_7)","line":98,"loc":{"start":{"line":98,"column":19},"end":{"line":98,"column":38}}},"8":{"name":"(anonymous_8)","line":108,"loc":{"start":{"line":108,"column":20},"end":{"line":108,"column":39}}},"9":{"name":"(anonymous_9)","line":129,"loc":{"start":{"line":129,"column":30},"end":{"line":129,"column":49}}},"10":{"name":"(anonymous_10)","line":148,"loc":{"start":{"line":148,"column":28},"end":{"line":148,"column":47}}},"11":{"name":"(anonymous_11)","line":158,"loc":{"start":{"line":158,"column":29},"end":{"line":158,"column":48}}},"12":{"name":"(anonymous_12)","line":189,"loc":{"start":{"line":189,"column":25},"end":{"line":189,"column":44}}},"13":{"name":"(anonymous_13)","line":234,"loc":{"start":{"line":234,"column":26},"end":{"line":234,"column":45}}},"14":{"name":"(anonymous_14)","line":268,"loc":{"start":{"line":268,"column":21},"end":{"line":268,"column":40}}},"15":{"name":"(anonymous_15)","line":336,"loc":{"start":{"line":336,"column":13},"end":{"line":336,"column":32}}}},"statementMap":{"1":{"start":{"line":1,"column":0},"end":{"line":1,"column":33}},"2":{"start":{"line":2,"column":0},"end":{"line":2,"column":41}},"3":{"start":{"line":3,"column":0},"end":{"line":3,"column":20}},"4":{"start":{"line":4,"column":0},"end":{"line":4,"column":36}},"5":{"start":{"line":5,"column":0},"end":{"line":5,"column":27}},"6":{"start":{"line":6,"column":0},"end":{"line":6,"column":35}},"7":{"start":{"line":7,"column":0},"end":{"line":7,"column":40}},"8":{"start":{"line":8,"column":0},"end":{"line":8,"column":44}},"9":{"start":{"line":9,"column":0},"end":{"line":9,"column":51}},"10":{"start":{"line":11,"column":0},"end":{"line":11,"column":51}},"11":{"start":{"line":12,"column":0},"end":{"line":12,"column":30}},"12":{"start":{"line":15,"column":0},"end":{"line":15,"column":52}},"13":{"start":{"line":18,"column":0},"end":{"line":18,"column":49}},"14":{"start":{"line":21,"column":0},"end":{"line":21,"column":42}},"15":{"start":{"line":24,"column":0},"end":{"line":24,"column":50}},"16":{"start":{"line":26,"column":0},"end":{"line":31,"column":1}},"17":{"start":{"line":27,"column":4},"end":{"line":27,"column":23}},"18":{"start":{"line":28,"column":4},"end":{"line":28,"column":25}},"19":{"start":{"line":29,"column":4},"end":{"line":29,"column":51}},"20":{"start":{"line":30,"column":4},"end":{"line":30,"column":57}},"21":{"start":{"line":35,"column":0},"end":{"line":42,"column":3}},"22":{"start":{"line":36,"column":4},"end":{"line":41,"column":40}},"23":{"start":{"line":37,"column":8},"end":{"line":37,"column":56}},"24":{"start":{"line":38,"column":9},"end":{"line":41,"column":40}},"25":{"start":{"line":39,"column":8},"end":{"line":39,"column":34}},"26":{"start":{"line":41,"column":8},"end":{"line":41,"column":40}},"27":{"start":{"line":45,"column":0},"end":{"line":50,"column":3}},"28":{"start":{"line":46,"column":4},"end":{"line":49,"column":63}},"29":{"start":{"line":47,"column":8},"end":{"line":47,"column":74}},"30":{"start":{"line":49,"column":8},"end":{"line":49,"column":63}},"31":{"start":{"line":52,"column":0},"end":{"line":84,"column":3}},"32":{"start":{"line":53,"column":4},"end":{"line":56,"column":6}},"33":{"start":{"line":57,"column":4},"end":{"line":60,"column":5}},"34":{"start":{"line":58,"column":8},"end":{"line":58,"column":66}},"35":{"start":{"line":59,"column":8},"end":{"line":59,"column":15}},"36":{"start":{"line":62,"column":4},"end":{"line":83,"column":5}},"37":{"start":{"line":80,"column":8},"end":{"line":80,"column":26}},"38":{"start":{"line":82,"column":8},"end":{"line":82,"column":83}},"39":{"start":{"line":86,"column":0},"end":{"line":94,"column":3}},"40":{"start":{"line":87,"column":4},"end":{"line":93,"column":5}},"41":{"start":{"line":88,"column":8},"end":{"line":88,"column":68}},"42":{"start":{"line":90,"column":8},"end":{"line":92,"column":11}},"43":{"start":{"line":91,"column":12},"end":{"line":91,"column":35}},"44":{"start":{"line":98,"column":0},"end":{"line":105,"column":3}},"45":{"start":{"line":101,"column":4},"end":{"line":104,"column":64}},"46":{"start":{"line":102,"column":8},"end":{"line":102,"column":74}},"47":{"start":{"line":104,"column":8},"end":{"line":104,"column":64}},"48":{"start":{"line":108,"column":0},"end":{"line":126,"column":3}},"49":{"start":{"line":109,"column":4},"end":{"line":112,"column":6}},"50":{"start":{"line":114,"column":4},"end":{"line":125,"column":5}},"51":{"start":{"line":122,"column":8},"end":{"line":122,"column":31}},"52":{"start":{"line":124,"column":8},"end":{"line":124,"column":87}},"53":{"start":{"line":129,"column":0},"end":{"line":145,"column":3}},"54":{"start":{"line":141,"column":4},"end":{"line":144,"column":36}},"55":{"start":{"line":142,"column":8},"end":{"line":142,"column":35}},"56":{"start":{"line":144,"column":8},"end":{"line":144,"column":36}},"57":{"start":{"line":148,"column":0},"end":{"line":155,"column":3}},"58":{"start":{"line":154,"column":4},"end":{"line":154,"column":70}},"59":{"start":{"line":158,"column":0},"end":{"line":185,"column":3}},"60":{"start":{"line":159,"column":4},"end":{"line":167,"column":9}},"61":{"start":{"line":169,"column":4},"end":{"line":169,"column":58}},"62":{"start":{"line":170,"column":4},"end":{"line":184,"column":5}},"63":{"start":{"line":181,"column":8},"end":{"line":181,"column":34}},"64":{"start":{"line":183,"column":8},"end":{"line":183,"column":55}},"65":{"start":{"line":189,"column":0},"end":{"line":231,"column":3}},"66":{"start":{"line":195,"column":8},"end":{"line":195,"column":32}},"67":{"start":{"line":196,"column":8},"end":{"line":196,"column":46}},"68":{"start":{"line":197,"column":8},"end":{"line":197,"column":42}},"69":{"start":{"line":198,"column":8},"end":{"line":199,"column":32}},"70":{"start":{"line":199,"column":12},"end":{"line":199,"column":32}},"71":{"start":{"line":200,"column":8},"end":{"line":200,"column":35}},"72":{"start":{"line":201,"column":8},"end":{"line":202,"column":28}},"73":{"start":{"line":202,"column":12},"end":{"line":202,"column":28}},"74":{"start":{"line":203,"column":8},"end":{"line":203,"column":34}},"75":{"start":{"line":204,"column":8},"end":{"line":211,"column":13}},"76":{"start":{"line":229,"column":8},"end":{"line":229,"column":59}},"77":{"start":{"line":234,"column":0},"end":{"line":265,"column":3}},"78":{"start":{"line":236,"column":4},"end":{"line":236,"column":27}},"79":{"start":{"line":237,"column":4},"end":{"line":237,"column":90}},"80":{"start":{"line":238,"column":4},"end":{"line":249,"column":5}},"81":{"start":{"line":250,"column":4},"end":{"line":264,"column":5}},"82":{"start":{"line":261,"column":8},"end":{"line":261,"column":34}},"83":{"start":{"line":263,"column":8},"end":{"line":263,"column":72}},"84":{"start":{"line":268,"column":0},"end":{"line":334,"column":3}},"85":{"start":{"line":290,"column":8},"end":{"line":326,"column":10}},"86":{"start":{"line":328,"column":8},"end":{"line":331,"column":9}},"87":{"start":{"line":332,"column":8},"end":{"line":332,"column":59}},"88":{"start":{"line":336,"column":0},"end":{"line":338,"column":3}},"89":{"start":{"line":337,"column":4},"end":{"line":337,"column":69}},"90":{"start":{"line":340,"column":0},"end":{"line":340,"column":70}},"91":{"start":{"line":340,"column":23},"end":{"line":340,"column":68}},"92":{"start":{"line":341,"column":0},"end":{"line":341,"column":20}}},"branchMap":{"1":{"line":4,"type":"binary-expr","locations":[{"start":{"line":4,"column":11},"end":{"line":4,"column":27}},{"start":{"line":4,"column":31},"end":{"line":4,"column":35}}]},"2":{"line":36,"type":"if","locations":[{"start":{"line":36,"column":4},"end":{"line":36,"column":4}},{"start":{"line":36,"column":4},"end":{"line":36,"column":4}}]},"3":{"line":38,"type":"if","locations":[{"start":{"line":38,"column":9},"end":{"line":38,"column":9}},{"start":{"line":38,"column":9},"end":{"line":38,"column":9}}]},"4":{"line":46,"type":"if","locations":[{"start":{"line":46,"column":4},"end":{"line":46,"column":4}},{"start":{"line":46,"column":4},"end":{"line":46,"column":4}}]},"5":{"line":55,"type":"cond-expr","locations":[{"start":{"line":55,"column":37},"end":{"line":55,"column":77}},{"start":{"line":55,"column":80},"end":{"line":55,"column":89}}]},"6":{"line":57,"type":"if","locations":[{"start":{"line":57,"column":4},"end":{"line":57,"column":4}},{"start":{"line":57,"column":4},"end":{"line":57,"column":4}}]},"7":{"line":57,"type":"binary-expr","locations":[{"start":{"line":57,"column":8},"end":{"line":57,"column":19}},{"start":{"line":57,"column":23},"end":{"line":57,"column":37}}]},"8":{"line":62,"type":"if","locations":[{"start":{"line":62,"column":4},"end":{"line":62,"column":4}},{"start":{"line":62,"column":4},"end":{"line":62,"column":4}}]},"9":{"line":87,"type":"if","locations":[{"start":{"line":87,"column":4},"end":{"line":87,"column":4}},{"start":{"line":87,"column":4},"end":{"line":87,"column":4}}]},"10":{"line":101,"type":"if","locations":[{"start":{"line":101,"column":4},"end":{"line":101,"column":4}},{"start":{"line":101,"column":4},"end":{"line":101,"column":4}}]},"11":{"line":114,"type":"if","locations":[{"start":{"line":114,"column":4},"end":{"line":114,"column":4}},{"start":{"line":114,"column":4},"end":{"line":114,"column":4}}]},"12":{"line":141,"type":"if","locations":[{"start":{"line":141,"column":4},"end":{"line":141,"column":4}},{"start":{"line":141,"column":4},"end":{"line":141,"column":4}}]},"13":{"line":170,"type":"if","locations":[{"start":{"line":170,"column":4},"end":{"line":170,"column":4}},{"start":{"line":170,"column":4},"end":{"line":170,"column":4}}]},"14":{"line":198,"type":"if","locations":[{"start":{"line":198,"column":8},"end":{"line":198,"column":8}},{"start":{"line":198,"column":8},"end":{"line":198,"column":8}}]},"15":{"line":201,"type":"if","locations":[{"start":{"line":201,"column":8},"end":{"line":201,"column":8}},{"start":{"line":201,"column":8},"end":{"line":201,"column":8}}]},"16":{"line":250,"type":"if","locations":[{"start":{"line":250,"column":4},"end":{"line":250,"column":4}},{"start":{"line":250,"column":4},"end":{"line":250,"column":4}}]}}},"/mnt/c/Users/mayoor shardha/Desktop/SD-Assignment1/server/db.js":{"path":"/mnt/c/Users/mayoor shardha/Desktop/SD-Assignment1/server/db.js","s":{"1":1,"2":1,"3":1,"4":0,"5":0,"6":0,"7":0,"8":0,"9":0,"10":0,"11":0,"12":0,"13":0,"14":0,"15":0,"16":0,"17":0,"18":0,"19":0,"20":1,"21":1,"22":0,"23":0,"24":0,"25":0,"26":0,"27":0,"28":0,"29":0,"30":0,"31":0,"32":0,"33":0,"34":1,"35":1,"36":0,"37":0,"38":0,"39":0,"40":0,"41":0,"42":0,"43":0,"44":0,"45":0,"46":0,"47":0,"48":1,"49":1,"50":0,"51":0,"52":0,"53":0,"54":0,"55":0,"56":0,"57":0,"58":0,"59":0,"60":0,"61":0,"62":0,"63":0,"64":0,"65":0,"66":0,"67":0,"68":0,"69":0,"70":0,"71":0,"72":1,"73":1,"74":0,"75":0,"76":0,"77":0,"78":0,"79":0,"80":0,"81":0,"82":0,"83":0,"84":0,"85":0,"86":0,"87":0,"88":1,"89":1,"90":0,"91":0,"92":0,"93":0,"94":0,"95":0,"96":0,"97":0,"98":0,"99":0,"100":0,"101":0,"102":1,"103":1,"104":0,"105":0,"106":0,"107":0,"108":0,"109":0,"110":0,"111":0,"112":0,"113":0,"114":0,"115":0,"116":0,"117":0,"118":0,"119":0,"120":0,"121":0,"122":0,"123":0,"124":0,"125":0,"126":0,"127":0,"128":0,"129":1},"b":{"1":[0,0],"2":[0,0],"3":[0,0],"4":[0,0],"5":[0,0],"6":[0,0],"7":[0,0],"8":[0,0],"9":[0,0],"10":[0,0],"11":[0,0],"12":[0,0],"13":[0,0],"14":[0,0]},"f":{"1":0,"2":0,"3":0,"4":0,"5":0,"6":0,"7":0,"8":0,"9":0,"10":0,"11":0,"12":0,"13":0,"14":0,"15":0,"16":0,"17":0,"18":0,"19":0,"20":0,"21":0},"fnMap":{"1":{"name":"(anonymous_1)","line":11,"loc":{"start":{"line":11,"column":9},"end":{"line":11,"column":34}}},"2":{"name":"(anonymous_2)","line":12,"loc":{"start":{"line":12,"column":23},"end":{"line":12,"column":49}}},"3":{"name":"(anonymous_3)","line":24,"loc":{"start":{"line":24,"column":34},"end":{"line":24,"column":56}}},"4":{"name":"(anonymous_4)","line":38,"loc":{"start":{"line":38,"column":21},"end":{"line":38,"column":47}}},"5":{"name":"(anonymous_5)","line":40,"loc":{"start":{"line":40,"column":23},"end":{"line":40,"column":49}}},"6":{"name":"(anonymous_6)","line":48,"loc":{"start":{"line":48,"column":34},"end":{"line":48,"column":56}}},"7":{"name":"(anonymous_7)","line":62,"loc":{"start":{"line":62,"column":21},"end":{"line":62,"column":47}}},"8":{"name":"(anonymous_8)","line":64,"loc":{"start":{"line":64,"column":23},"end":{"line":64,"column":49}}},"9":{"name":"(anonymous_9)","line":72,"loc":{"start":{"line":72,"column":34},"end":{"line":72,"column":56}}},"10":{"name":"(anonymous_10)","line":86,"loc":{"start":{"line":86,"column":15},"end":{"line":86,"column":40}}},"11":{"name":"(anonymous_11)","line":87,"loc":{"start":{"line":87,"column":23},"end":{"line":87,"column":49}}},"12":{"name":"(anonymous_12)","line":105,"loc":{"start":{"line":105,"column":34},"end":{"line":105,"column":56}}},"13":{"name":"(anonymous_13)","line":119,"loc":{"start":{"line":119,"column":18},"end":{"line":119,"column":42}}},"14":{"name":"(anonymous_14)","line":120,"loc":{"start":{"line":120,"column":23},"end":{"line":120,"column":49}}},"15":{"name":"(anonymous_15)","line":132,"loc":{"start":{"line":132,"column":34},"end":{"line":132,"column":56}}},"16":{"name":"(anonymous_16)","line":146,"loc":{"start":{"line":146,"column":13},"end":{"line":146,"column":38}}},"17":{"name":"(anonymous_17)","line":147,"loc":{"start":{"line":147,"column":23},"end":{"line":147,"column":49}}},"18":{"name":"(anonymous_18)","line":156,"loc":{"start":{"line":156,"column":34},"end":{"line":156,"column":56}}},"19":{"name":"(anonymous_19)","line":170,"loc":{"start":{"line":170,"column":11},"end":{"line":170,"column":35}}},"20":{"name":"(anonymous_20)","line":171,"loc":{"start":{"line":171,"column":23},"end":{"line":171,"column":49}}},"21":{"name":"(anonymous_21)","line":192,"loc":{"start":{"line":192,"column":34},"end":{"line":192,"column":56}}}},"statementMap":{"1":{"start":{"line":1,"column":0},"end":{"line":1,"column":29}},"2":{"start":{"line":4,"column":0},"end":{"line":9,"column":3}},"3":{"start":{"line":11,"column":0},"end":{"line":35,"column":1}},"4":{"start":{"line":12,"column":4},"end":{"line":34,"column":7}},"5":{"start":{"line":13,"column":8},"end":{"line":33,"column":9}},"6":{"start":{"line":14,"column":12},"end":{"line":14,"column":27}},"7":{"start":{"line":15,"column":12},"end":{"line":15,"column":19}},"8":{"start":{"line":17,"column":12},"end":{"line":17,"column":56}},"9":{"start":{"line":18,"column":12},"end":{"line":18,"column":25}},"10":{"start":{"line":19,"column":12},"end":{"line":19,"column":23}},"11":{"start":{"line":20,"column":12},"end":{"line":20,"column":28}},"12":{"start":{"line":21,"column":12},"end":{"line":21,"column":23}},"13":{"start":{"line":22,"column":12},"end":{"line":22,"column":23}},"14":{"start":{"line":24,"column":12},"end":{"line":32,"column":15}},"15":{"start":{"line":25,"column":16},"end":{"line":31,"column":17}},"16":{"start":{"line":26,"column":20},"end":{"line":26,"column":41}},"17":{"start":{"line":27,"column":20},"end":{"line":27,"column":35}},"18":{"start":{"line":28,"column":20},"end":{"line":28,"column":27}},"19":{"start":{"line":30,"column":20},"end":{"line":30,"column":36}},"20":{"start":{"line":36,"column":0},"end":{"line":36,"column":31}},"21":{"start":{"line":38,"column":0},"end":{"line":59,"column":1}},"22":{"start":{"line":40,"column":4},"end":{"line":58,"column":7}},"23":{"start":{"line":41,"column":8},"end":{"line":57,"column":9}},"24":{"start":{"line":42,"column":12},"end":{"line":42,"column":27}},"25":{"start":{"line":43,"column":12},"end":{"line":43,"column":19}},"26":{"start":{"line":45,"column":12},"end":{"line":45,"column":113}},"27":{"start":{"line":46,"column":12},"end":{"line":46,"column":25}},"28":{"start":{"line":48,"column":12},"end":{"line":56,"column":15}},"29":{"start":{"line":49,"column":16},"end":{"line":49,"column":37}},"30":{"start":{"line":50,"column":16},"end":{"line":55,"column":17}},"31":{"start":{"line":51,"column":20},"end":{"line":51,"column":35}},"32":{"start":{"line":52,"column":20},"end":{"line":52,"column":27}},"33":{"start":{"line":54,"column":20},"end":{"line":54,"column":44}},"34":{"start":{"line":60,"column":0},"end":{"line":60,"column":55}},"35":{"start":{"line":62,"column":0},"end":{"line":83,"column":1}},"36":{"start":{"line":64,"column":4},"end":{"line":82,"column":7}},"37":{"start":{"line":65,"column":8},"end":{"line":81,"column":9}},"38":{"start":{"line":66,"column":12},"end":{"line":66,"column":27}},"39":{"start":{"line":67,"column":12},"end":{"line":67,"column":19}},"40":{"start":{"line":69,"column":12},"end":{"line":69,"column":177}},"41":{"start":{"line":70,"column":12},"end":{"line":70,"column":46}},"42":{"start":{"line":72,"column":12},"end":{"line":80,"column":15}},"43":{"start":{"line":73,"column":16},"end":{"line":73,"column":37}},"44":{"start":{"line":74,"column":16},"end":{"line":79,"column":17}},"45":{"start":{"line":75,"column":20},"end":{"line":75,"column":35}},"46":{"start":{"line":76,"column":20},"end":{"line":76,"column":27}},"47":{"start":{"line":78,"column":20},"end":{"line":78,"column":44}},"48":{"start":{"line":84,"column":0},"end":{"line":84,"column":55}},"49":{"start":{"line":86,"column":0},"end":{"line":116,"column":1}},"50":{"start":{"line":87,"column":4},"end":{"line":115,"column":7}},"51":{"start":{"line":88,"column":8},"end":{"line":114,"column":9}},"52":{"start":{"line":89,"column":12},"end":{"line":89,"column":27}},"53":{"start":{"line":90,"column":12},"end":{"line":90,"column":19}},"54":{"start":{"line":92,"column":12},"end":{"line":92,"column":50}},"55":{"start":{"line":93,"column":12},"end":{"line":93,"column":30}},"56":{"start":{"line":94,"column":12},"end":{"line":94,"column":23}},"57":{"start":{"line":95,"column":12},"end":{"line":95,"column":38}},"58":{"start":{"line":96,"column":12},"end":{"line":96,"column":23}},"59":{"start":{"line":97,"column":12},"end":{"line":97,"column":37}},"60":{"start":{"line":98,"column":12},"end":{"line":98,"column":23}},"61":{"start":{"line":99,"column":12},"end":{"line":99,"column":32}},"62":{"start":{"line":100,"column":12},"end":{"line":100,"column":23}},"63":{"start":{"line":101,"column":12},"end":{"line":101,"column":30}},"64":{"start":{"line":102,"column":12},"end":{"line":102,"column":23}},"65":{"start":{"line":103,"column":12},"end":{"line":103,"column":23}},"66":{"start":{"line":105,"column":12},"end":{"line":113,"column":15}},"67":{"start":{"line":106,"column":16},"end":{"line":106,"column":37}},"68":{"start":{"line":107,"column":16},"end":{"line":112,"column":17}},"69":{"start":{"line":108,"column":20},"end":{"line":108,"column":35}},"70":{"start":{"line":109,"column":20},"end":{"line":109,"column":27}},"71":{"start":{"line":111,"column":20},"end":{"line":111,"column":36}},"72":{"start":{"line":117,"column":0},"end":{"line":117,"column":43}},"73":{"start":{"line":119,"column":0},"end":{"line":143,"column":1}},"74":{"start":{"line":120,"column":4},"end":{"line":142,"column":7}},"75":{"start":{"line":121,"column":8},"end":{"line":141,"column":9}},"76":{"start":{"line":122,"column":12},"end":{"line":122,"column":27}},"77":{"start":{"line":123,"column":12},"end":{"line":123,"column":19}},"78":{"start":{"line":125,"column":12},"end":{"line":125,"column":236}},"79":{"start":{"line":126,"column":12},"end":{"line":126,"column":25}},"80":{"start":{"line":127,"column":12},"end":{"line":127,"column":53}},"81":{"start":{"line":128,"column":12},"end":{"line":128,"column":28}},"82":{"start":{"line":132,"column":12},"end":{"line":140,"column":15}},"83":{"start":{"line":133,"column":16},"end":{"line":133,"column":37}},"84":{"start":{"line":134,"column":16},"end":{"line":139,"column":17}},"85":{"start":{"line":135,"column":20},"end":{"line":135,"column":35}},"86":{"start":{"line":136,"column":20},"end":{"line":136,"column":27}},"87":{"start":{"line":138,"column":20},"end":{"line":138,"column":44}},"88":{"start":{"line":144,"column":0},"end":{"line":144,"column":49}},"89":{"start":{"line":146,"column":0},"end":{"line":167,"column":1}},"90":{"start":{"line":147,"column":4},"end":{"line":166,"column":7}},"91":{"start":{"line":148,"column":8},"end":{"line":165,"column":9}},"92":{"start":{"line":149,"column":12},"end":{"line":149,"column":27}},"93":{"start":{"line":150,"column":12},"end":{"line":150,"column":19}},"94":{"start":{"line":152,"column":12},"end":{"line":152,"column":75}},"95":{"start":{"line":153,"column":12},"end":{"line":153,"column":25}},"96":{"start":{"line":156,"column":12},"end":{"line":164,"column":15}},"97":{"start":{"line":157,"column":16},"end":{"line":157,"column":37}},"98":{"start":{"line":158,"column":16},"end":{"line":163,"column":17}},"99":{"start":{"line":159,"column":20},"end":{"line":159,"column":35}},"100":{"start":{"line":160,"column":20},"end":{"line":160,"column":27}},"101":{"start":{"line":162,"column":20},"end":{"line":162,"column":44}},"102":{"start":{"line":168,"column":0},"end":{"line":168,"column":39}},"103":{"start":{"line":170,"column":0},"end":{"line":203,"column":1}},"104":{"start":{"line":171,"column":4},"end":{"line":202,"column":7}},"105":{"start":{"line":172,"column":8},"end":{"line":201,"column":9}},"106":{"start":{"line":173,"column":12},"end":{"line":173,"column":27}},"107":{"start":{"line":174,"column":12},"end":{"line":174,"column":19}},"108":{"start":{"line":176,"column":12},"end":{"line":176,"column":65}},"109":{"start":{"line":177,"column":12},"end":{"line":177,"column":33}},"110":{"start":{"line":178,"column":12},"end":{"line":178,"column":36}},"111":{"start":{"line":179,"column":12},"end":{"line":179,"column":33}},"112":{"start":{"line":180,"column":12},"end":{"line":180,"column":36}},"113":{"start":{"line":181,"column":12},"end":{"line":181,"column":33}},"114":{"start":{"line":182,"column":12},"end":{"line":182,"column":31}},"115":{"start":{"line":183,"column":12},"end":{"line":183,"column":29}},"116":{"start":{"line":184,"column":12},"end":{"line":184,"column":32}},"117":{"start":{"line":185,"column":12},"end":{"line":185,"column":30}},"118":{"start":{"line":186,"column":12},"end":{"line":186,"column":34}},"119":{"start":{"line":187,"column":12},"end":{"line":187,"column":32}},"120":{"start":{"line":188,"column":12},"end":{"line":188,"column":40}},"121":{"start":{"line":189,"column":12},"end":{"line":189,"column":36}},"122":{"start":{"line":190,"column":12},"end":{"line":190,"column":30}},"123":{"start":{"line":192,"column":12},"end":{"line":200,"column":15}},"124":{"start":{"line":193,"column":16},"end":{"line":193,"column":37}},"125":{"start":{"line":194,"column":16},"end":{"line":199,"column":17}},"126":{"start":{"line":195,"column":20},"end":{"line":195,"column":35}},"127":{"start":{"line":196,"column":20},"end":{"line":196,"column":27}},"128":{"start":{"line":198,"column":20},"end":{"line":198,"column":36}},"129":{"start":{"line":204,"column":0},"end":{"line":204,"column":35}}},"branchMap":{"1":{"line":13,"type":"if","locations":[{"start":{"line":13,"column":8},"end":{"line":13,"column":8}},{"start":{"line":13,"column":8},"end":{"line":13,"column":8}}]},"2":{"line":25,"type":"if","locations":[{"start":{"line":25,"column":16},"end":{"line":25,"column":16}},{"start":{"line":25,"column":16},"end":{"line":25,"column":16}}]},"3":{"line":41,"type":"if","locations":[{"start":{"line":41,"column":8},"end":{"line":41,"column":8}},{"start":{"line":41,"column":8},"end":{"line":41,"column":8}}]},"4":{"line":50,"type":"if","locations":[{"start":{"line":50,"column":16},"end":{"line":50,"column":16}},{"start":{"line":50,"column":16},"end":{"line":50,"column":16}}]},"5":{"line":65,"type":"if","locations":[{"start":{"line":65,"column":8},"end":{"line":65,"column":8}},{"start":{"line":65,"column":8},"end":{"line":65,"column":8}}]},"6":{"line":74,"type":"if","locations":[{"start":{"line":74,"column":16},"end":{"line":74,"column":16}},{"start":{"line":74,"column":16},"end":{"line":74,"column":16}}]},"7":{"line":88,"type":"if","locations":[{"start":{"line":88,"column":8},"end":{"line":88,"column":8}},{"start":{"line":88,"column":8},"end":{"line":88,"column":8}}]},"8":{"line":107,"type":"if","locations":[{"start":{"line":107,"column":16},"end":{"line":107,"column":16}},{"start":{"line":107,"column":16},"end":{"line":107,"column":16}}]},"9":{"line":121,"type":"if","locations":[{"start":{"line":121,"column":8},"end":{"line":121,"column":8}},{"start":{"line":121,"column":8},"end":{"line":121,"column":8}}]},"10":{"line":134,"type":"if","locations":[{"start":{"line":134,"column":16},"end":{"line":134,"column":16}},{"start":{"line":134,"column":16},"end":{"line":134,"column":16}}]},"11":{"line":148,"type":"if","locations":[{"start":{"line":148,"column":8},"end":{"line":148,"column":8}},{"start":{"line":148,"column":8},"end":{"line":148,"column":8}}]},"12":{"line":158,"type":"if","locations":[{"start":{"line":158,"column":16},"end":{"line":158,"column":16}},{"start":{"line":158,"column":16},"end":{"line":158,"column":16}}]},"13":{"line":172,"type":"if","locations":[{"start":{"line":172,"column":8},"end":{"line":172,"column":8}},{"start":{"line":172,"column":8},"end":{"line":172,"column":8}}]},"14":{"line":194,"type":"if","locations":[{"start":{"line":194,"column":16},"end":{"line":194,"column":16}},{"start":{"line":194,"column":16},"end":{"line":194,"column":16}}]}}},"/mnt/c/Users/mayoor shardha/Desktop/SD-Assignment1/assets/js/functions.js":{"path":"/mnt/c/Users/mayoor shardha/Desktop/SD-Assignment1/assets/js/functions.js","s":{"1":1,"2":2,"3":2,"4":1,"5":1,"6":0,"7":0,"8":0,"9":1,"10":1,"11":13,"12":2,"13":11,"14":2,"15":9,"16":1,"17":8,"18":2,"19":6,"20":2,"21":4,"22":3,"23":1,"24":1,"25":1,"26":5,"27":1,"28":4,"29":1},"b":{"1":[0,0],"2":[0,0,0],"3":[2,11],"4":[13,12],"5":[2,9],"6":[11,10],"7":[1,8],"8":[2,6],"9":[8,7],"10":[2,4],"11":[6,5],"12":[3,1],"13":[4,3,2],"14":[1,4],"15":[5,4,1]},"f":{"1":2,"2":0,"3":13,"4":5},"fnMap":{"1":{"name":"validateEmail","line":1,"loc":{"start":{"line":1,"column":0},"end":{"line":1,"column":30}}},"2":{"name":"validateInput","line":7,"loc":{"start":{"line":7,"column":0},"end":{"line":7,"column":40}}},"3":{"name":"validateRegisterProfile","line":16,"loc":{"start":{"line":16,"column":0},"end":{"line":16,"column":45}}},"4":{"name":"validQouteRequested","line":42,"loc":{"start":{"line":42,"column":0},"end":{"line":42,"column":52}}}},"statementMap":{"1":{"start":{"line":1,"column":0},"end":{"line":4,"column":1}},"2":{"start":{"line":2,"column":4},"end":{"line":2,"column":169}},"3":{"start":{"line":3,"column":4},"end":{"line":3,"column":48}},"4":{"start":{"line":5,"column":0},"end":{"line":5,"column":45}},"5":{"start":{"line":7,"column":0},"end":{"line":12,"column":1}},"6":{"start":{"line":8,"column":4},"end":{"line":11,"column":21}},"7":{"start":{"line":9,"column":8},"end":{"line":9,"column":20}},"8":{"start":{"line":11,"column":8},"end":{"line":11,"column":21}},"9":{"start":{"line":14,"column":0},"end":{"line":14,"column":45}},"10":{"start":{"line":16,"column":0},"end":{"line":38,"column":1}},"11":{"start":{"line":17,"column":4},"end":{"line":18,"column":70}},"12":{"start":{"line":18,"column":8},"end":{"line":18,"column":70}},"13":{"start":{"line":20,"column":4},"end":{"line":21,"column":77}},"14":{"start":{"line":21,"column":8},"end":{"line":21,"column":77}},"15":{"start":{"line":23,"column":4},"end":{"line":24,"column":77}},"16":{"start":{"line":24,"column":8},"end":{"line":24,"column":77}},"17":{"start":{"line":26,"column":4},"end":{"line":27,"column":65}},"18":{"start":{"line":27,"column":8},"end":{"line":27,"column":65}},"19":{"start":{"line":29,"column":4},"end":{"line":30,"column":43}},"20":{"start":{"line":30,"column":8},"end":{"line":30,"column":43}},"21":{"start":{"line":32,"column":4},"end":{"line":36,"column":21}},"22":{"start":{"line":33,"column":8},"end":{"line":33,"column":69}},"23":{"start":{"line":36,"column":8},"end":{"line":36,"column":21}},"24":{"start":{"line":40,"column":0},"end":{"line":40,"column":65}},"25":{"start":{"line":42,"column":0},"end":{"line":47,"column":1}},"26":{"start":{"line":43,"column":4},"end":{"line":46,"column":21}},"27":{"start":{"line":44,"column":8},"end":{"line":44,"column":20}},"28":{"start":{"line":46,"column":8},"end":{"line":46,"column":21}},"29":{"start":{"line":48,"column":0},"end":{"line":48,"column":57}}},"branchMap":{"1":{"line":8,"type":"if","locations":[{"start":{"line":8,"column":4},"end":{"line":8,"column":4}},{"start":{"line":8,"column":4},"end":{"line":8,"column":4}}]},"2":{"line":8,"type":"binary-expr","locations":[{"start":{"line":8,"column":9},"end":{"line":8,"column":34}},{"start":{"line":8,"column":40},"end":{"line":8,"column":57}},{"start":{"line":8,"column":63},"end":{"line":8,"column":83}}]},"3":{"line":17,"type":"if","locations":[{"start":{"line":17,"column":4},"end":{"line":17,"column":4}},{"start":{"line":17,"column":4},"end":{"line":17,"column":4}}]},"4":{"line":17,"type":"binary-expr","locations":[{"start":{"line":17,"column":8},"end":{"line":17,"column":34}},{"start":{"line":17,"column":38},"end":{"line":17,"column":69}}]},"5":{"line":20,"type":"if","locations":[{"start":{"line":20,"column":4},"end":{"line":20,"column":4}},{"start":{"line":20,"column":4},"end":{"line":20,"column":4}}]},"6":{"line":20,"type":"binary-expr","locations":[{"start":{"line":20,"column":8},"end":{"line":20,"column":34}},{"start":{"line":20,"column":38},"end":{"line":20,"column":70}}]},"7":{"line":23,"type":"if","locations":[{"start":{"line":23,"column":4},"end":{"line":23,"column":4}},{"start":{"line":23,"column":4},"end":{"line":23,"column":4}}]},"8":{"line":26,"type":"if","locations":[{"start":{"line":26,"column":4},"end":{"line":26,"column":4}},{"start":{"line":26,"column":4},"end":{"line":26,"column":4}}]},"9":{"line":26,"type":"binary-expr","locations":[{"start":{"line":26,"column":8},"end":{"line":26,"column":30}},{"start":{"line":26,"column":34},"end":{"line":26,"column":62}}]},"10":{"line":29,"type":"if","locations":[{"start":{"line":29,"column":4},"end":{"line":29,"column":4}},{"start":{"line":29,"column":4},"end":{"line":29,"column":4}}]},"11":{"line":29,"type":"binary-expr","locations":[{"start":{"line":29,"column":8},"end":{"line":29,"column":31}},{"start":{"line":29,"column":35},"end":{"line":29,"column":62}}]},"12":{"line":32,"type":"if","locations":[{"start":{"line":32,"column":4},"end":{"line":32,"column":4}},{"start":{"line":32,"column":4},"end":{"line":32,"column":4}}]},"13":{"line":32,"type":"binary-expr","locations":[{"start":{"line":32,"column":8},"end":{"line":32,"column":33}},{"start":{"line":32,"column":37},"end":{"line":32,"column":66}},{"start":{"line":32,"column":70},"end":{"line":32,"column":99}}]},"14":{"line":43,"type":"if","locations":[{"start":{"line":43,"column":4},"end":{"line":43,"column":4}},{"start":{"line":43,"column":4},"end":{"line":43,"column":4}}]},"15":{"line":43,"type":"binary-expr","locations":[{"start":{"line":43,"column":9},"end":{"line":43,"column":23}},{"start":{"line":43,"column":29},"end":{"line":43,"column":48}},{"start":{"line":43,"column":54},"end":{"line":43,"column":73}}]}}},"/mnt/c/Users/mayoor shardha/Desktop/SD-Assignment1/spec/unit/email.spec.js":{"path":"/mnt/c/Users/mayoor shardha/Desktop/SD-Assignment1/spec/unit/email.spec.js","s":{"1":1,"2":1,"3":1,"4":1,"5":1,"6":1,"7":1,"8":1,"9":1,"10":1,"11":1},"b":{},"f":{"1":1,"2":1,"3":1},"fnMap":{"1":{"name":"(anonymous_1)","line":3,"loc":{"start":{"line":3,"column":38},"end":{"line":3,"column":49}}},"2":{"name":"(anonymous_2)","line":6,"loc":{"start":{"line":6,"column":61},"end":{"line":6,"column":72}}},"3":{"name":"(anonymous_3)","line":13,"loc":{"start":{"line":13,"column":58},"end":{"line":13,"column":69}}}},"statementMap":{"1":{"start":{"line":1,"column":0},"end":{"line":1,"column":57}},"2":{"start":{"line":3,"column":0},"end":{"line":19,"column":3}},"3":{"start":{"line":4,"column":4},"end":{"line":4,"column":13}},"4":{"start":{"line":6,"column":4},"end":{"line":11,"column":7}},"5":{"start":{"line":7,"column":8},"end":{"line":7,"column":25}},"6":{"start":{"line":8,"column":8},"end":{"line":8,"column":53}},"7":{"start":{"line":10,"column":8},"end":{"line":10,"column":37}},"8":{"start":{"line":13,"column":4},"end":{"line":18,"column":7}},"9":{"start":{"line":14,"column":8},"end":{"line":14,"column":21}},"10":{"start":{"line":15,"column":8},"end":{"line":15,"column":53}},"11":{"start":{"line":17,"column":8},"end":{"line":17,"column":38}}},"branchMap":{}},"/mnt/c/Users/mayoor shardha/Desktop/SD-Assignment1/spec/unit/registerProfile.spec.js":{"path":"/mnt/c/Users/mayoor shardha/Desktop/SD-Assignment1/spec/unit/registerProfile.spec.js","s":{"1":1,"2":1,"3":1,"4":1,"5":1,"6":1,"7":1,"8":1,"9":1,"10":1,"11":1,"12":1,"13":1,"14":1,"15":1,"16":1,"17":1,"18":1,"19":1,"20":1,"21":1,"22":1,"23":1,"24":1,"25":1,"26":1,"27":1,"28":1,"29":1,"30":1,"31":1,"32":1,"33":1,"34":1,"35":1,"36":1,"37":1,"38":1,"39":1,"40":1,"41":1,"42":1,"43":1,"44":1,"45":1,"46":1,"47":1,"48":1,"49":1,"50":1,"51":1,"52":1,"53":1,"54":1,"55":1,"56":1,"57":1,"58":1,"59":1,"60":1,"61":1,"62":1,"63":1,"64":1,"65":1,"66":1,"67":1,"68":1,"69":1,"70":1,"71":1,"72":1,"73":1,"74":1,"75":1,"76":1,"77":1,"78":1,"79":1,"80":1,"81":1,"82":1,"83":1,"84":1,"85":1,"86":1,"87":1,"88":1,"89":1,"90":1,"91":1},"b":{},"f":{"1":1,"2":1,"3":1,"4":1,"5":1,"6":1,"7":1,"8":1,"9":1,"10":1,"11":1,"12":1,"13":1,"14":1},"fnMap":{"1":{"name":"(anonymous_1)","line":3,"loc":{"start":{"line":3,"column":52},"end":{"line":3,"column":63}}},"2":{"name":"(anonymous_2)","line":13,"loc":{"start":{"line":13,"column":98},"end":{"line":13,"column":109}}},"3":{"name":"(anonymous_3)","line":18,"loc":{"start":{"line":18,"column":98},"end":{"line":18,"column":109}}},"4":{"name":"(anonymous_4)","line":26,"loc":{"start":{"line":26,"column":113},"end":{"line":26,"column":124}}},"5":{"name":"(anonymous_5)","line":32,"loc":{"start":{"line":32,"column":113},"end":{"line":32,"column":124}}},"6":{"name":"(anonymous_6)","line":39,"loc":{"start":{"line":39,"column":113},"end":{"line":39,"column":124}}},"7":{"name":"(anonymous_7)","line":47,"loc":{"start":{"line":47,"column":89},"end":{"line":47,"column":100}}},"8":{"name":"(anonymous_8)","line":56,"loc":{"start":{"line":56,"column":89},"end":{"line":56,"column":100}}},"9":{"name":"(anonymous_9)","line":65,"loc":{"start":{"line":65,"column":68},"end":{"line":65,"column":79}}},"10":{"name":"(anonymous_10)","line":75,"loc":{"start":{"line":75,"column":68},"end":{"line":75,"column":79}}},"11":{"name":"(anonymous_11)","line":85,"loc":{"start":{"line":85,"column":77},"end":{"line":85,"column":88}}},"12":{"name":"(anonymous_12)","line":96,"loc":{"start":{"line":96,"column":77},"end":{"line":96,"column":88}}},"13":{"name":"(anonymous_13)","line":107,"loc":{"start":{"line":107,"column":77},"end":{"line":107,"column":88}}},"14":{"name":"(anonymous_14)","line":119,"loc":{"start":{"line":119,"column":60},"end":{"line":119,"column":71}}}},"statementMap":{"1":{"start":{"line":1,"column":0},"end":{"line":1,"column":67}},"2":{"start":{"line":3,"column":0},"end":{"line":130,"column":3}},"3":{"start":{"line":4,"column":4},"end":{"line":11,"column":6}},"4":{"start":{"line":13,"column":4},"end":{"line":16,"column":7}},"5":{"start":{"line":14,"column":8},"end":{"line":14,"column":78}},"6":{"start":{"line":15,"column":8},"end":{"line":15,"column":88}},"7":{"start":{"line":18,"column":4},"end":{"line":23,"column":7}},"8":{"start":{"line":19,"column":8},"end":{"line":19,"column":138}},"9":{"start":{"line":20,"column":8},"end":{"line":20,"column":78}},"10":{"start":{"line":22,"column":8},"end":{"line":22,"column":88}},"11":{"start":{"line":26,"column":4},"end":{"line":30,"column":7}},"12":{"start":{"line":27,"column":8},"end":{"line":27,"column":35}},"13":{"start":{"line":28,"column":8},"end":{"line":28,"column":78}},"14":{"start":{"line":29,"column":8},"end":{"line":29,"column":95}},"15":{"start":{"line":32,"column":4},"end":{"line":37,"column":7}},"16":{"start":{"line":33,"column":8},"end":{"line":33,"column":35}},"17":{"start":{"line":34,"column":8},"end":{"line":34,"column":142}},"18":{"start":{"line":35,"column":8},"end":{"line":35,"column":78}},"19":{"start":{"line":36,"column":8},"end":{"line":36,"column":95}},"20":{"start":{"line":39,"column":4},"end":{"line":45,"column":7}},"21":{"start":{"line":40,"column":8},"end":{"line":40,"column":35}},"22":{"start":{"line":41,"column":8},"end":{"line":41,"column":35}},"23":{"start":{"line":42,"column":8},"end":{"line":42,"column":142}},"24":{"start":{"line":43,"column":8},"end":{"line":43,"column":78}},"25":{"start":{"line":44,"column":8},"end":{"line":44,"column":95}},"26":{"start":{"line":47,"column":4},"end":{"line":54,"column":7}},"27":{"start":{"line":48,"column":8},"end":{"line":48,"column":35}},"28":{"start":{"line":49,"column":8},"end":{"line":49,"column":35}},"29":{"start":{"line":50,"column":8},"end":{"line":50,"column":35}},"30":{"start":{"line":51,"column":8},"end":{"line":51,"column":28}},"31":{"start":{"line":52,"column":8},"end":{"line":52,"column":78}},"32":{"start":{"line":53,"column":8},"end":{"line":53,"column":83}},"33":{"start":{"line":56,"column":4},"end":{"line":63,"column":7}},"34":{"start":{"line":57,"column":8},"end":{"line":57,"column":35}},"35":{"start":{"line":58,"column":8},"end":{"line":58,"column":35}},"36":{"start":{"line":59,"column":8},"end":{"line":59,"column":35}},"37":{"start":{"line":60,"column":8},"end":{"line":60,"column":174}},"38":{"start":{"line":61,"column":8},"end":{"line":61,"column":78}},"39":{"start":{"line":62,"column":8},"end":{"line":62,"column":83}},"40":{"start":{"line":65,"column":4},"end":{"line":73,"column":7}},"41":{"start":{"line":66,"column":8},"end":{"line":66,"column":35}},"42":{"start":{"line":67,"column":8},"end":{"line":67,"column":35}},"43":{"start":{"line":68,"column":8},"end":{"line":68,"column":35}},"44":{"start":{"line":69,"column":8},"end":{"line":69,"column":31}},"45":{"start":{"line":70,"column":8},"end":{"line":70,"column":29}},"46":{"start":{"line":71,"column":8},"end":{"line":71,"column":78}},"47":{"start":{"line":72,"column":8},"end":{"line":72,"column":61}},"48":{"start":{"line":75,"column":4},"end":{"line":83,"column":7}},"49":{"start":{"line":76,"column":8},"end":{"line":76,"column":35}},"50":{"start":{"line":77,"column":8},"end":{"line":77,"column":35}},"51":{"start":{"line":78,"column":8},"end":{"line":78,"column":35}},"52":{"start":{"line":79,"column":8},"end":{"line":79,"column":31}},"53":{"start":{"line":80,"column":8},"end":{"line":80,"column":32}},"54":{"start":{"line":81,"column":8},"end":{"line":81,"column":78}},"55":{"start":{"line":82,"column":8},"end":{"line":82,"column":61}},"56":{"start":{"line":85,"column":4},"end":{"line":94,"column":7}},"57":{"start":{"line":86,"column":8},"end":{"line":86,"column":35}},"58":{"start":{"line":87,"column":8},"end":{"line":87,"column":35}},"59":{"start":{"line":88,"column":8},"end":{"line":88,"column":35}},"60":{"start":{"line":89,"column":8},"end":{"line":89,"column":31}},"61":{"start":{"line":90,"column":8},"end":{"line":90,"column":31}},"62":{"start":{"line":91,"column":8},"end":{"line":91,"column":31}},"63":{"start":{"line":92,"column":8},"end":{"line":92,"column":78}},"64":{"start":{"line":93,"column":8},"end":{"line":93,"column":87}},"65":{"start":{"line":96,"column":4},"end":{"line":105,"column":7}},"66":{"start":{"line":97,"column":8},"end":{"line":97,"column":35}},"67":{"start":{"line":98,"column":8},"end":{"line":98,"column":35}},"68":{"start":{"line":99,"column":8},"end":{"line":99,"column":35}},"69":{"start":{"line":100,"column":8},"end":{"line":100,"column":31}},"70":{"start":{"line":101,"column":8},"end":{"line":101,"column":31}},"71":{"start":{"line":102,"column":8},"end":{"line":102,"column":33}},"72":{"start":{"line":103,"column":8},"end":{"line":103,"column":78}},"73":{"start":{"line":104,"column":8},"end":{"line":104,"column":87}},"74":{"start":{"line":107,"column":4},"end":{"line":116,"column":7}},"75":{"start":{"line":108,"column":8},"end":{"line":108,"column":35}},"76":{"start":{"line":109,"column":8},"end":{"line":109,"column":35}},"77":{"start":{"line":110,"column":8},"end":{"line":110,"column":35}},"78":{"start":{"line":111,"column":8},"end":{"line":111,"column":31}},"79":{"start":{"line":112,"column":8},"end":{"line":112,"column":31}},"80":{"start":{"line":113,"column":8},"end":{"line":113,"column":57}},"81":{"start":{"line":114,"column":8},"end":{"line":114,"column":78}},"82":{"start":{"line":115,"column":8},"end":{"line":115,"column":87}},"83":{"start":{"line":119,"column":4},"end":{"line":128,"column":7}},"84":{"start":{"line":120,"column":8},"end":{"line":120,"column":35}},"85":{"start":{"line":121,"column":8},"end":{"line":121,"column":35}},"86":{"start":{"line":122,"column":8},"end":{"line":122,"column":35}},"87":{"start":{"line":123,"column":8},"end":{"line":123,"column":31}},"88":{"start":{"line":124,"column":8},"end":{"line":124,"column":31}},"89":{"start":{"line":125,"column":8},"end":{"line":125,"column":37}},"90":{"start":{"line":126,"column":8},"end":{"line":126,"column":78}},"91":{"start":{"line":127,"column":8},"end":{"line":127,"column":39}}},"branchMap":{}},"/mnt/c/Users/mayoor shardha/Desktop/SD-Assignment1/spec/unit/requestQuote.spec.js":{"path":"/mnt/c/Users/mayoor shardha/Desktop/SD-Assignment1/spec/unit/requestQuote.spec.js","s":{"1":1,"2":1,"3":1,"4":1,"5":1,"6":1,"7":1,"8":1,"9":1,"10":1,"11":1,"12":1,"13":1,"14":1,"15":1,"16":1,"17":1,"18":1,"19":1,"20":1,"21":1,"22":1,"23":1},"b":{},"f":{"1":1,"2":1,"3":1,"4":1,"5":1},"fnMap":{"1":{"name":"(anonymous_1)","line":2,"loc":{"start":{"line":2,"column":52},"end":{"line":2,"column":63}}},"2":{"name":"(anonymous_2)","line":8,"loc":{"start":{"line":8,"column":47},"end":{"line":8,"column":58}}},"3":{"name":"(anonymous_3)","line":15,"loc":{"start":{"line":15,"column":47},"end":{"line":15,"column":58}}},"4":{"name":"(anonymous_4)","line":22,"loc":{"start":{"line":22,"column":47},"end":{"line":22,"column":58}}},"5":{"name":"(anonymous_5)","line":29,"loc":{"start":{"line":29,"column":47},"end":{"line":29,"column":58}}}},"statementMap":{"1":{"start":{"line":1,"column":0},"end":{"line":1,"column":72}},"2":{"start":{"line":2,"column":0},"end":{"line":36,"column":3}},"3":{"start":{"line":3,"column":4},"end":{"line":6,"column":6}},"4":{"start":{"line":8,"column":4},"end":{"line":13,"column":7}},"5":{"start":{"line":9,"column":8},"end":{"line":9,"column":31}},"6":{"start":{"line":10,"column":8},"end":{"line":10,"column":46}},"7":{"start":{"line":11,"column":8},"end":{"line":11,"column":112}},"8":{"start":{"line":12,"column":8},"end":{"line":12,"column":38}},"9":{"start":{"line":15,"column":4},"end":{"line":20,"column":7}},"10":{"start":{"line":16,"column":8},"end":{"line":16,"column":32}},"11":{"start":{"line":17,"column":8},"end":{"line":17,"column":46}},"12":{"start":{"line":18,"column":8},"end":{"line":18,"column":112}},"13":{"start":{"line":19,"column":8},"end":{"line":19,"column":38}},"14":{"start":{"line":22,"column":4},"end":{"line":27,"column":7}},"15":{"start":{"line":23,"column":8},"end":{"line":23,"column":31}},"16":{"start":{"line":24,"column":8},"end":{"line":24,"column":36}},"17":{"start":{"line":25,"column":8},"end":{"line":25,"column":112}},"18":{"start":{"line":26,"column":8},"end":{"line":26,"column":38}},"19":{"start":{"line":29,"column":4},"end":{"line":34,"column":7}},"20":{"start":{"line":30,"column":8},"end":{"line":30,"column":31}},"21":{"start":{"line":31,"column":8},"end":{"line":31,"column":46}},"22":{"start":{"line":32,"column":8},"end":{"line":32,"column":112}},"23":{"start":{"line":33,"column":8},"end":{"line":33,"column":37}}},"branchMap":{}}}