TN:
SF:/mnt/c/Users/mayoor shardha/Desktop/SD-Assignment1/spec/specs.js
FNF:0
FNH:0
DA:1,1
DA:2,1
DA:3,1
DA:4,1
DA:11,1
DA:12,1
DA:13,1
DA:14,1
LF:8
LH:8
BRF:0
BRH:0
end_of_record
TN:
SF:/mnt/c/Users/mayoor shardha/Desktop/SD-Assignment1/spec/app.spec.js
FN:4,(anonymous_1)
FN:6,(anonymous_2)
FN:13,(anonymous_3)
FN:21,(anonymous_4)
FN:28,(anonymous_5)
FN:36,(anonymous_6)
FN:44,(anonymous_7)
FN:52,(anonymous_8)
FN:60,(anonymous_9)
FN:67,(anonymous_10)
FN:74,(anonymous_11)
FN:81,(anonymous_12)
FN:88,(anonymous_13)
FN:95,(anonymous_14)
FN:102,(anonymous_15)
FN:109,(anonymous_16)
FNF:16
FNH:16
FNDA:1,(anonymous_1)
FNDA:1,(anonymous_2)
FNDA:1,(anonymous_3)
FNDA:1,(anonymous_4)
FNDA:1,(anonymous_5)
FNDA:1,(anonymous_6)
FNDA:1,(anonymous_7)
FNDA:1,(anonymous_8)
FNDA:1,(anonymous_9)
FNDA:1,(anonymous_10)
FNDA:1,(anonymous_11)
FNDA:1,(anonymous_12)
FNDA:1,(anonymous_13)
FNDA:1,(anonymous_14)
FNDA:1,(anonymous_15)
FNDA:1,(anonymous_16)
DA:1,1
DA:2,1
DA:4,1
DA:6,1
DA:7,1
DA:8,1
DA:13,1
DA:14,1
DA:15,1
DA:21,1
DA:22,1
DA:23,1
DA:28,1
DA:29,1
DA:30,1
DA:36,1
DA:37,1
DA:38,1
DA:44,1
DA:45,1
DA:46,1
DA:52,1
DA:53,1
DA:54,1
DA:60,1
DA:61,1
DA:62,1
DA:67,1
DA:68,1
DA:69,1
DA:74,1
DA:75,1
DA:76,1
DA:81,1
DA:82,1
DA:83,1
DA:88,1
DA:89,1
DA:90,1
DA:95,1
DA:96,1
DA:97,1
DA:102,1
DA:103,1
DA:104,1
DA:109,1
DA:110,1
DA:111,1
LF:48
LH:48
BRF:0
BRH:0
end_of_record
TN:
SF:/mnt/c/Users/mayoor shardha/Desktop/SD-Assignment1/app.js
FN:26,user
FN:35,(anonymous_2)
FN:45,(anonymous_3)
FN:52,(anonymous_4)
FN:60,(anonymous_5)
FN:82,(anonymous_6)
FN:86,(anonymous_7)
FN:94,(anonymous_8)
FN:104,(anonymous_9)
FN:111,(anonymous_10)
FN:123,(anonymous_11)
FN:125,(anonymous_12)
FN:134,(anonymous_13)
FN:140,(anonymous_14)
FN:152,(anonymous_15)
FN:166,(anonymous_16)
FN:180,(anonymous_17)
FN:194,(anonymous_18)
FN:209,(anonymous_19)
FN:223,(anonymous_20)
FN:242,(anonymous_21)
FN:262,(anonymous_22)
FN:276,(anonymous_23)
FN:284,(anonymous_24)
FN:299,(anonymous_25)
FN:312,(anonymous_26)
FNF:26
FNH:15
FNDA:0,user
FNDA:1,(anonymous_2)
FNDA:1,(anonymous_3)
FNDA:1,(anonymous_4)
FNDA:0,(anonymous_5)
FNDA:1,(anonymous_6)
FNDA:0,(anonymous_7)
FNDA:1,(anonymous_8)
FNDA:1,(anonymous_9)
FNDA:0,(anonymous_10)
FNDA:2,(anonymous_11)
FNDA:2,(anonymous_12)
FNDA:1,(anonymous_13)
FNDA:0,(anonymous_14)
FNDA:1,(anonymous_15)
FNDA:0,(anonymous_16)
FNDA:0,(anonymous_17)
FNDA:0,(anonymous_18)
FNDA:1,(anonymous_19)
FNDA:0,(anonymous_20)
FNDA:1,(anonymous_21)
FNDA:0,(anonymous_22)
FNDA:1,(anonymous_23)
FNDA:0,(anonymous_24)
FNDA:1,(anonymous_25)
FNDA:1,(anonymous_26)
DA:1,1
DA:2,1
DA:3,1
DA:4,1
DA:5,1
DA:6,1
DA:7,1
DA:8,1
DA:9,1
DA:11,1
DA:12,1
DA:15,1
DA:18,1
DA:21,1
DA:24,1
DA:26,1
DA:27,0
DA:28,0
DA:29,0
DA:30,0
DA:32,1
DA:35,1
DA:36,1
DA:37,1
DA:38,0
DA:39,0
DA:41,0
DA:45,1
DA:46,1
DA:47,0
DA:49,1
DA:52,1
DA:53,1
DA:58,1
DA:60,0
DA:61,0
DA:62,0
DA:64,0
DA:65,0
DA:67,0
DA:68,0
DA:69,0
DA:70,0
DA:72,0
DA:78,1
DA:82,1
DA:83,1
DA:84,1
DA:86,0
DA:87,0
DA:94,1
DA:97,1
DA:98,0
DA:100,1
DA:104,1
DA:105,1
DA:110,1
DA:111,0
DA:112,0
DA:113,0
DA:115,0
DA:118,1
DA:123,1
DA:125,2
DA:126,2
DA:127,0
DA:129,2
DA:134,1
DA:135,1
DA:136,1
DA:137,1
DA:138,0
DA:139,0
DA:140,0
DA:141,0
DA:142,0
DA:144,0
DA:148,0
DA:152,1
DA:153,1
DA:164,1
DA:165,1
DA:166,0
DA:167,0
DA:168,0
DA:170,0
DA:171,0
DA:172,0
DA:176,1
DA:180,1
DA:181,0
DA:192,0
DA:193,0
DA:194,0
DA:195,0
DA:196,0
DA:198,0
DA:199,0
DA:203,0
DA:209,1
DA:210,1
DA:211,1
DA:214,0
DA:215,0
DA:216,0
DA:217,0
DA:218,0
DA:219,0
DA:220,0
DA:221,0
DA:222,0
DA:223,0
DA:224,0
DA:225,0
DA:227,0
DA:235,0
DA:242,1
DA:245,1
DA:246,1
DA:247,1
DA:248,1
DA:249,1
DA:250,1
DA:251,1
DA:252,0
DA:253,1
DA:254,1
DA:261,0
DA:262,0
DA:263,0
DA:264,0
DA:266,0
DA:267,0
DA:271,0
DA:276,1
DA:277,1
DA:278,1
DA:279,0
DA:280,0
DA:284,0
DA:285,0
DA:286,0
DA:288,0
DA:292,0
DA:299,1
DA:300,1
DA:301,1
DA:302,1
DA:303,1
DA:304,1
DA:305,1
DA:306,1
DA:307,1
DA:308,1
DA:309,1
DA:312,1
DA:313,1
DA:316,1
DA:317,1
LF:159
LH:82
BRDA:4,1,0,1
BRDA:4,1,1,1
BRDA:36,2,0,1
BRDA:36,2,1,0
BRDA:38,3,0,0
BRDA:38,3,1,0
BRDA:46,4,0,0
BRDA:46,4,1,1
BRDA:55,5,0,0
BRDA:55,5,1,1
BRDA:58,6,0,0
BRDA:58,6,1,1
BRDA:61,7,0,0
BRDA:61,7,1,0
BRDA:64,8,0,0
BRDA:64,8,1,0
BRDA:64,9,0,0
BRDA:64,9,1,0
BRDA:67,10,0,0
BRDA:67,10,1,0
BRDA:68,11,0,0
BRDA:68,11,1,0
BRDA:83,12,0,1
BRDA:83,12,1,0
BRDA:97,13,0,0
BRDA:97,13,1,1
BRDA:107,14,0,0
BRDA:107,14,1,1
BRDA:110,15,0,0
BRDA:110,15,1,1
BRDA:112,16,0,0
BRDA:112,16,1,0
BRDA:126,17,0,0
BRDA:126,17,1,2
BRDA:136,18,0,1
BRDA:136,18,1,0
BRDA:138,19,0,0
BRDA:138,19,1,0
BRDA:141,20,0,0
BRDA:141,20,1,0
BRDA:160,21,0,0
BRDA:160,21,1,1
BRDA:161,22,0,0
BRDA:161,22,1,1
BRDA:165,23,0,0
BRDA:165,23,1,1
BRDA:167,24,0,0
BRDA:167,24,1,0
BRDA:188,25,0,0
BRDA:188,25,1,0
BRDA:189,26,0,0
BRDA:189,26,1,0
BRDA:193,27,0,0
BRDA:193,27,1,0
BRDA:195,28,0,0
BRDA:195,28,1,0
BRDA:210,29,0,1
BRDA:210,29,1,0
BRDA:217,30,0,0
BRDA:217,30,1,0
BRDA:220,31,0,0
BRDA:220,31,1,0
BRDA:224,32,0,0
BRDA:224,32,1,0
BRDA:248,33,0,1
BRDA:248,33,1,0
BRDA:251,34,0,0
BRDA:251,34,1,1
BRDA:261,35,0,0
BRDA:261,35,1,0
BRDA:263,36,0,0
BRDA:263,36,1,0
BRDA:277,37,0,1
BRDA:277,37,1,0
BRDA:279,38,0,0
BRDA:279,38,1,0
BRDA:285,39,0,0
BRDA:285,39,1,0
BRDA:302,40,0,0
BRDA:302,40,1,1
BRDA:304,41,0,1
BRDA:304,41,1,0
BRDA:305,42,0,0
BRDA:305,42,1,1
BRDA:306,43,0,0
BRDA:306,43,1,1
BRF:86
BRH:23
end_of_record
TN:
SF:/mnt/c/Users/mayoor shardha/Desktop/SD-Assignment1/server/db.js
FN:11,(anonymous_1)
FN:12,(anonymous_2)
FN:24,(anonymous_3)
FN:38,(anonymous_4)
FN:40,(anonymous_5)
FN:50,(anonymous_6)
FN:64,(anonymous_7)
FN:66,(anonymous_8)
FN:75,(anonymous_9)
FN:89,(anonymous_10)
FN:90,(anonymous_11)
FN:108,(anonymous_12)
FN:122,(anonymous_13)
FN:123,(anonymous_14)
FN:134,(anonymous_15)
FN:149,(anonymous_16)
FN:150,(anonymous_17)
FN:160,(anonymous_18)
FN:174,(anonymous_19)
FN:175,(anonymous_20)
FN:201,(anonymous_21)
FN:215,(anonymous_22)
FN:217,(anonymous_23)
FN:227,(anonymous_24)
FNF:24
FNH:24
FNDA:2,(anonymous_1)
FNDA:2,(anonymous_2)
FNDA:2,(anonymous_3)
FNDA:1,(anonymous_4)
FNDA:1,(anonymous_5)
FNDA:1,(anonymous_6)
FNDA:3,(anonymous_7)
FNDA:3,(anonymous_8)
FNDA:3,(anonymous_9)
FNDA:2,(anonymous_10)
FNDA:2,(anonymous_11)
FNDA:2,(anonymous_12)
FNDA:2,(anonymous_13)
FNDA:2,(anonymous_14)
FNDA:2,(anonymous_15)
FNDA:4,(anonymous_16)
FNDA:4,(anonymous_17)
FNDA:4,(anonymous_18)
FNDA:2,(anonymous_19)
FNDA:2,(anonymous_20)
FNDA:2,(anonymous_21)
FNDA:1,(anonymous_22)
FNDA:1,(anonymous_23)
FNDA:1,(anonymous_24)
DA:1,1
DA:4,1
DA:11,1
DA:12,2
DA:13,2
DA:14,0
DA:15,0
DA:17,2
DA:18,2
DA:19,2
DA:20,2
DA:21,2
DA:22,2
DA:24,2
DA:25,2
DA:26,2
DA:27,2
DA:28,2
DA:30,0
DA:36,1
DA:38,1
DA:40,1
DA:41,1
DA:42,0
DA:43,0
DA:45,1
DA:46,1
DA:47,1
DA:50,1
DA:51,1
DA:52,1
DA:53,0
DA:54,0
DA:56,1
DA:62,1
DA:64,1
DA:66,3
DA:67,3
DA:68,0
DA:69,0
DA:71,3
DA:72,3
DA:73,3
DA:75,3
DA:76,3
DA:77,3
DA:78,0
DA:79,0
DA:81,3
DA:87,1
DA:89,1
DA:90,2
DA:91,2
DA:92,0
DA:93,0
DA:95,2
DA:96,2
DA:97,2
DA:98,2
DA:99,2
DA:100,2
DA:101,2
DA:102,2
DA:103,2
DA:104,2
DA:105,2
DA:106,2
DA:108,2
DA:109,2
DA:110,2
DA:111,2
DA:112,2
DA:114,0
DA:120,1
DA:122,1
DA:123,2
DA:124,2
DA:125,0
DA:126,0
DA:128,2
DA:129,2
DA:130,2
DA:134,2
DA:135,2
DA:136,2
DA:137,0
DA:138,0
DA:140,2
DA:141,2
DA:147,1
DA:149,1
DA:150,4
DA:151,4
DA:152,0
DA:153,0
DA:155,4
DA:156,4
DA:157,4
DA:160,4
DA:161,4
DA:162,4
DA:163,0
DA:164,0
DA:166,4
DA:172,1
DA:174,1
DA:175,2
DA:176,2
DA:177,0
DA:178,0
DA:180,2
DA:181,2
DA:182,2
DA:183,2
DA:184,2
DA:185,2
DA:186,2
DA:187,2
DA:189,2
DA:190,2
DA:191,2
DA:192,2
DA:193,2
DA:194,2
DA:195,2
DA:196,2
DA:197,2
DA:198,2
DA:199,2
DA:201,2
DA:202,2
DA:203,2
DA:204,0
DA:205,0
DA:207,2
DA:213,1
DA:215,1
DA:217,1
DA:218,1
DA:219,0
DA:220,0
DA:222,1
DA:223,1
DA:224,1
DA:227,1
DA:228,1
DA:229,1
DA:230,0
DA:231,0
DA:233,1
DA:239,1
LF:151
LH:121
BRDA:13,1,0,0
BRDA:13,1,1,2
BRDA:25,2,0,2
BRDA:25,2,1,0
BRDA:41,3,0,0
BRDA:41,3,1,1
BRDA:52,4,0,0
BRDA:52,4,1,1
BRDA:67,5,0,0
BRDA:67,5,1,3
BRDA:77,6,0,0
BRDA:77,6,1,3
BRDA:91,7,0,0
BRDA:91,7,1,2
BRDA:110,8,0,2
BRDA:110,8,1,0
BRDA:124,9,0,0
BRDA:124,9,1,2
BRDA:136,10,0,0
BRDA:136,10,1,2
BRDA:151,11,0,0
BRDA:151,11,1,4
BRDA:162,12,0,0
BRDA:162,12,1,4
BRDA:176,13,0,0
BRDA:176,13,1,2
BRDA:180,14,0,0
BRDA:180,14,1,2
BRDA:185,15,0,2
BRDA:185,15,1,0
BRDA:203,16,0,0
BRDA:203,16,1,2
BRDA:218,17,0,0
BRDA:218,17,1,1
BRDA:229,18,0,0
BRDA:229,18,1,1
BRF:36
BRH:18
end_of_record
TN:
SF:/mnt/c/Users/mayoor shardha/Desktop/SD-Assignment1/assets/js/functions.js
FN:1,validateEmail
FN:9,validateInput
FN:18,validateRegisterProfile
FN:44,validQouteRequested
FNF:4
FNH:4
FNDA:4,validateEmail
FNDA:3,validateInput
FNDA:14,validateRegisterProfile
FNDA:4,validQouteRequested
DA:1,1
DA:2,4
DA:3,1
DA:4,3
DA:5,3
DA:7,1
DA:9,1
DA:10,3
DA:11,1
DA:13,2
DA:16,1
DA:18,1
DA:19,14
DA:20,3
DA:22,11
DA:23,2
DA:25,9
DA:26,1
DA:28,8
DA:29,2
DA:31,6
DA:32,2
DA:34,4
DA:35,3
DA:38,1
DA:42,1
DA:44,1
DA:45,4
DA:46,1
DA:48,3
DA:50,1
LF:31
LH:31
BRDA:2,1,0,1
BRDA:2,1,1,3
BRDA:10,2,0,1
BRDA:10,2,1,2
BRDA:10,3,0,3
BRDA:10,3,1,3
BRDA:10,3,2,3
BRDA:10,3,3,1
BRDA:10,3,4,1
BRDA:19,4,0,3
BRDA:19,4,1,11
BRDA:19,5,0,14
BRDA:19,5,1,12
BRDA:19,5,2,12
BRDA:22,6,0,2
BRDA:22,6,1,9
BRDA:22,7,0,11
BRDA:22,7,1,10
BRDA:22,7,2,10
BRDA:25,8,0,1
BRDA:25,8,1,8
BRDA:25,9,0,9
BRDA:25,9,1,9
BRDA:28,10,0,2
BRDA:28,10,1,6
BRDA:28,11,0,8
BRDA:28,11,1,7
BRDA:28,11,2,7
BRDA:31,12,0,2
BRDA:31,12,1,4
BRDA:31,13,0,6
BRDA:31,13,1,5
BRDA:31,13,2,5
BRDA:34,14,0,3
BRDA:34,14,1,1
BRDA:34,15,0,4
BRDA:34,15,1,3
BRDA:34,15,2,3
BRDA:34,15,3,2
BRDA:45,16,0,1
BRDA:45,16,1,3
BRDA:45,17,0,4
BRDA:45,17,1,3
BRDA:45,17,2,1
BRF:44
BRH:44
end_of_record
TN:
SF:/mnt/c/Users/mayoor shardha/Desktop/SD-Assignment1/spec/db.spec.js
FN:4,(anonymous_1)
FN:14,(anonymous_2)
FN:21,(anonymous_3)
FN:27,(anonymous_4)
FN:29,(anonymous_5)
FN:37,(anonymous_6)
FN:42,(anonymous_7)
FN:49,(anonymous_8)
FN:58,(anonymous_9)
FN:63,(anonymous_10)
FN:70,(anonymous_11)
FN:77,(anonymous_12)
FN:79,(anonymous_13)
FN:86,(anonymous_14)
FN:93,(anonymous_15)
FN:101,(anonymous_16)
FN:107,(anonymous_17)
FN:115,(anonymous_18)
FN:117,(anonymous_19)
FN:123,(anonymous_20)
FN:130,(anonymous_21)
FN:132,(anonymous_22)
FN:138,(anonymous_23)
FNF:23
FNH:23
FNDA:1,(anonymous_1)
FNDA:1,(anonymous_2)
FNDA:1,(anonymous_3)
FNDA:1,(anonymous_4)
FNDA:1,(anonymous_5)
FNDA:1,(anonymous_6)
FNDA:1,(anonymous_7)
FNDA:1,(anonymous_8)
FNDA:1,(anonymous_9)
FNDA:1,(anonymous_10)
FNDA:1,(anonymous_11)
FNDA:1,(anonymous_12)
FNDA:1,(anonymous_13)
FNDA:1,(anonymous_14)
FNDA:1,(anonymous_15)
FNDA:1,(anonymous_16)
FNDA:1,(anonymous_17)
FNDA:1,(anonymous_18)
FNDA:1,(anonymous_19)
FNDA:1,(anonymous_20)
FNDA:1,(anonymous_21)
FNDA:1,(anonymous_22)
FNDA:1,(anonymous_23)
DA:1,1
DA:2,1
DA:4,1
DA:6,1
DA:14,1
DA:15,1
DA:16,1
DA:20,1
DA:21,1
DA:22,1
DA:23,1
DA:27,1
DA:29,1
DA:30,1
DA:31,1
DA:37,1
DA:38,1
DA:42,1
DA:43,1
DA:44,1
DA:48,1
DA:49,1
DA:50,1
DA:51,1
DA:58,1
DA:59,1
DA:63,1
DA:64,1
DA:65,1
DA:69,1
DA:70,1
DA:71,1
DA:72,1
DA:77,1
DA:78,1
DA:79,1
DA:80,1
DA:81,1
DA:85,1
DA:86,1
DA:87,1
DA:88,1
DA:93,1
DA:94,1
DA:101,1
DA:102,1
DA:103,1
DA:106,1
DA:107,1
DA:108,1
DA:109,1
DA:115,1
DA:116,1
DA:117,1
DA:118,1
DA:119,1
DA:122,1
DA:123,1
DA:124,1
DA:125,1
DA:130,1
DA:131,1
DA:132,1
DA:133,1
DA:134,1
DA:137,1
DA:138,1
DA:139,1
DA:140,1
LF:69
LH:69
BRF:0
BRH:0
end_of_record
TN:
SF:/mnt/c/Users/mayoor shardha/Desktop/SD-Assignment1/spec/unit/email.spec.js
FN:2,(anonymous_1)
FN:5,(anonymous_2)
FN:12,(anonymous_3)
FN:19,(anonymous_4)
FN:27,(anonymous_5)
FNF:5
FNH:5
FNDA:1,(anonymous_1)
FNDA:1,(anonymous_2)
FNDA:1,(anonymous_3)
FNDA:1,(anonymous_4)
FNDA:1,(anonymous_5)
DA:1,1
DA:2,1
DA:3,1
DA:5,1
DA:6,1
DA:7,1
DA:9,1
DA:12,1
DA:13,1
DA:14,1
DA:16,1
DA:19,1
DA:20,1
DA:21,1
DA:22,1
DA:24,1
DA:27,1
DA:28,1
DA:29,1
DA:31,1
LF:20
LH:20
BRF:0
BRH:0
end_of_record
TN:
SF:/mnt/c/Users/mayoor shardha/Desktop/SD-Assignment1/spec/unit/registerProfile.spec.js
FN:4,(anonymous_1)
FN:14,(anonymous_2)
FN:19,(anonymous_3)
FN:27,(anonymous_4)
FN:33,(anonymous_5)
FN:40,(anonymous_6)
FN:48,(anonymous_7)
FN:57,(anonymous_8)
FN:66,(anonymous_9)
FN:76,(anonymous_10)
FN:86,(anonymous_11)
FN:97,(anonymous_12)
FN:108,(anonymous_13)
FN:120,(anonymous_14)
FN:133,(anonymous_15)
FN:134,(anonymous_16)
FNF:16
FNH:16
FNDA:1,(anonymous_1)
FNDA:1,(anonymous_2)
FNDA:1,(anonymous_3)
FNDA:1,(anonymous_4)
FNDA:1,(anonymous_5)
FNDA:1,(anonymous_6)
FNDA:1,(anonymous_7)
FNDA:1,(anonymous_8)
FNDA:1,(anonymous_9)
FNDA:1,(anonymous_10)
FNDA:1,(anonymous_11)
FNDA:1,(anonymous_12)
FNDA:1,(anonymous_13)
FNDA:1,(anonymous_14)
FNDA:1,(anonymous_15)
FNDA:1,(anonymous_16)
DA:1,1
DA:2,1
DA:4,1
DA:5,1
DA:14,1
DA:15,1
DA:16,1
DA:19,1
DA:20,1
DA:21,1
DA:23,1
DA:27,1
DA:28,1
DA:29,1
DA:30,1
DA:33,1
DA:34,1
DA:35,1
DA:36,1
DA:37,1
DA:40,1
DA:41,1
DA:42,1
DA:43,1
DA:44,1
DA:45,1
DA:48,1
DA:49,1
DA:50,1
DA:51,1
DA:52,1
DA:53,1
DA:54,1
DA:57,1
DA:58,1
DA:59,1
DA:60,1
DA:61,1
DA:62,1
DA:63,1
DA:66,1
DA:67,1
DA:68,1
DA:69,1
DA:70,1
DA:71,1
DA:72,1
DA:73,1
DA:76,1
DA:77,1
DA:78,1
DA:79,1
DA:80,1
DA:81,1
DA:82,1
DA:83,1
DA:86,1
DA:87,1
DA:88,1
DA:89,1
DA:90,1
DA:91,1
DA:92,1
DA:93,1
DA:94,1
DA:97,1
DA:98,1
DA:99,1
DA:100,1
DA:101,1
DA:102,1
DA:103,1
DA:104,1
DA:105,1
DA:108,1
DA:109,1
DA:110,1
DA:111,1
DA:112,1
DA:113,1
DA:114,1
DA:115,1
DA:116,1
DA:120,1
DA:121,1
DA:122,1
DA:123,1
DA:124,1
DA:125,1
DA:126,1
DA:127,1
DA:128,1
DA:133,1
DA:134,1
DA:135,1
DA:136,0
LF:96
LH:95
BRF:0
BRH:0
end_of_record
TN:
SF:/mnt/c/Users/mayoor shardha/Desktop/SD-Assignment1/spec/unit/requestQuote.spec.js
FN:2,(anonymous_1)
FN:8,(anonymous_2)
FN:15,(anonymous_3)
FN:22,(anonymous_4)
FN:29,(anonymous_5)
FNF:5
FNH:5
FNDA:1,(anonymous_1)
FNDA:1,(anonymous_2)
FNDA:1,(anonymous_3)
FNDA:1,(anonymous_4)
FNDA:1,(anonymous_5)
DA:1,1
DA:2,1
DA:3,1
DA:8,1
DA:9,1
DA:10,1
DA:11,1
DA:12,1
DA:15,1
DA:16,1
DA:17,1
DA:18,1
DA:19,1
DA:22,1
DA:23,1
DA:24,1
DA:25,1
DA:26,1
DA:29,1
DA:30,1
DA:31,1
DA:32,1
DA:33,1
LF:23
LH:23
BRF:0
BRH:0
end_of_record
